{"numTotalTestSuites":20,"numPassedTestSuites":18,"numFailedTestSuites":2,"numPendingTestSuites":0,"numTotalTests":79,"numPassedTests":56,"numFailedTests":23,"numPendingTests":0,"numTodoTests":0,"snapshot":{"added":0,"failure":false,"filesAdded":0,"filesRemoved":0,"filesRemovedList":[],"filesUnmatched":0,"filesUpdated":0,"matched":0,"total":0,"unchecked":0,"uncheckedKeysByFile":[],"unmatched":0,"updated":0,"didUpdate":false},"startTime":1789657309278,"success":false,"testResults":[{"assertionResults":[{"ancestorTitles":[],"fullName":"defaults to no sample and never creates a job on mount","status":"passed","title":"defaults to no sample and never creates a job on mount","duration":35.347582999999986,"failureMessages":[],"meta":{}},{"ancestorTitles":[],"fullName":"renders hostile cells as inert text with no executable elements or cell links","status":"passed","title":"renders hostile cells as inert text with no executable elements or cell links","duration":32.14666599999998,"failureMessages":[],"meta":{}},{"ancestorTitles":[],"fullName":"supports keyboard selection and updates whole-record budgets without trimming","status":"passed","title":"supports keyboard selection and updates whole-record budgets without trimming","duration":29.816416000000004,"failureMessages":[],"meta":{}},{"ancestorTitles":[],"fullName":"requires exact rights and permission before the sealed scan","status":"passed","title":"requires exact rights and permission before the sealed scan","duration":44.56429100000014,"failureMessages":[],"meta":{}},{"ancestorTitles":[],"fullName":"recovers an in-progress job after reload and allows cancellation","status":"passed","title":"recovers an in-progress job after reload and allows cancellation","duration":7.297084000000041,"failureMessages":[],"meta":{}},{"ancestorTitles":[],"fullName":"announces errors, focuses the message and offers retry","status":"passed","title":"announces errors, focuses the message and offers retry","duration":15.64712499999996,"failureMessages":[],"meta":{}},{"ancestorTitles":[],"fullName":"shows local awaiting-backend state and key fingerprint on recovery","status":"passed","title":"shows local awaiting-backend state and key fingerprint on recovery","duration":6.395457999999962,"failureMessages":[],"meta":{}},{"ancestorTitles":[],"fullName":"reviews source, origin and fingerprint before signing, then records pending submission","status":"passed","title":"reviews source, origin and fingerprint before signing, then records pending submission","duration":36.61916700000006,"failureMessages":[],"meta":{}}],"startTime":1789657310312,"endTime":1789657310519.6191,"status":"passed","message":"","name":"/private/tmp/s1716-c2d-r2-baseline/frontend/src/components/CommitmentPreviewBuilder.test.tsx"},{"assertionResults":[{"ancestorTitles":["DataVerificationFlow"],"fullName":"DataVerificationFlow displays the successful probe and quote before acknowledgements can be checked","status":"passed","title":"displays the successful probe and quote before acknowledgements can be checked","duration":186.25487499999997,"failureMessages":[],"meta":{}},{"ancestorTitles":["DataVerificationFlow"],"fullName":"DataVerificationFlow asks for a card only after the seller explicitly starts the paid verification","status":"passed","title":"asks for a card only after the seller explicitly starts the paid verification","duration":22.079416000000037,"failureMessages":[],"meta":{}},{"ancestorTitles":["DataVerificationFlow"],"fullName":"DataVerificationFlow reveals only captured findings and presents publish and decline as equal explicit choices","status":"passed","title":"reveals only captured findings and presents publish and decline as equal explicit choices","duration":19.111083000000008,"failureMessages":[],"meta":{}},{"ancestorTitles":["DataVerificationFlow"],"fullName":"DataVerificationFlow keeps the active badge during rerun and resets both acknowledgements","status":"passed","title":"keeps the active badge during rerun and resets both acknowledgements","duration":82.09645799999998,"failureMessages":[],"meta":{}},{"ancestorTitles":["DataVerificationFlow"],"fullName":"DataVerificationFlow renders every public fact and method from the complete shared report fixture","status":"passed","title":"renders every public fact and method from the complete shared report fixture","duration":10.125124999999798,"failureMessages":[],"meta":{}},{"ancestorTitles":["DataVerificationFlow"],"fullName":"DataVerificationFlow blocks publish when grounded interpretation text is unavailable and leaves decline enabled","status":"passed","title":"blocks publish when grounded interpretation text is unavailable and leaves decline enabled","duration":11.015292000000045,"failureMessages":[],"meta":{}},{"ancestorTitles":["DataVerificationFlow"],"fullName":"DataVerificationFlow renders only the fixed fingerprint notice when grounding is withheld","status":"passed","title":"renders only the fixed fingerprint notice when grounding is withheld","duration":12.091916999999967,"failureMessages":[],"meta":{}},{"ancestorTitles":["DataVerificationFlow"],"fullName":"DataVerificationFlow renders no artifact facts while capture is reconciling","status":"passed","title":"renders no artifact facts while capture is reconciling","duration":3.5901249999999436,"failureMessages":[],"meta":{}},{"ancestorTitles":["DataVerificationFlow"],"fullName":"DataVerificationFlow renders every low-occupancy sentinel as suppressed","status":"passed","title":"renders every low-occupancy sentinel as suppressed","duration":5.26541700000007,"failureMessages":[],"meta":{}},{"ancestorTitles":["DataVerificationFlow"],"fullName":"DataVerificationFlow renders the exact server-dated withdrawal marker","status":"passed","title":"renders the exact server-dated withdrawal marker","duration":2.8775409999998374,"failureMessages":[],"meta":{}}],"startTime":1789657310318,"endTime":1789657310672.8774,"status":"passed","message":"","name":"/private/tmp/s1716-c2d-r2-baseline/frontend/src/components/DataVerificationFlow.test.tsx"},{"assertionResults":[{"ancestorTitles":[],"fullName":"shows S3/R2 non-claim and offers only app-managed directory or export","status":"passed","title":"shows S3/R2 non-claim and offers only app-managed directory or export","duration":35.46100000000001,"failureMessages":[],"meta":{}},{"ancestorTitles":[],"fullName":"sends bounded destination choice and displays the exact path","status":"passed","title":"sends bounded destination choice and displays the exact path","duration":20.903708999999935,"failureMessages":[],"meta":{}},{"ancestorTitles":[],"fullName":"checks seller URL and displays GET and OPTIONS receipts","status":"passed","title":"checks seller URL and displays GET and OPTIONS receipts","duration":10.090374999999995,"failureMessages":[],"meta":{}},{"ancestorTitles":[],"fullName":"announces origin failure and keeps retry available","status":"passed","title":"announces origin failure and keeps retry available","duration":13.957916999999952,"failureMessages":[],"meta":{}},{"ancestorTitles":[],"fullName":"explains external retirement for exported package","status":"passed","title":"explains external retirement for exported package","duration":4.2235840000000735,"failureMessages":[],"meta":{}}],"startTime":1789657310312,"endTime":1789657310397.2236,"status":"passed","message":"","name":"/private/tmp/s1716-c2d-r2-baseline/frontend/src/components/PreviewOriginReview.test.tsx"},{"assertionResults":[{"ancestorTitles":["CoPilotProvider unread messages"],"fullName":"CoPilotProvider unread messages queues the CONNECTED welcome without opening and clears unread when opened","status":"passed","title":"queues the CONNECTED welcome without opening and clears unread when opened","duration":21.947833999999943,"failureMessages":[],"meta":{}}],"startTime":1789657310328,"endTime":1789657310349.9478,"status":"passed","message":"","name":"/private/tmp/s1716-c2d-r2-baseline/frontend/src/contexts/CoPilotContext.test.tsx"},{"assertionResults":[{"ancestorTitles":[],"fullName":"refresh_single_flight_across_tabs","status":"failed","title":"refresh_single_flight_across_tabs","duration":2.9850420000000213,"failureMessages":["TypeError: localStorage.clear is not a function\n    at /private/tmp/s1716-c2d-r2-baseline/frontend/src/lib/aimMarketAuth.test.ts:8:16\n    at file:///private/var/tmp/koskadeux/minimal-bridge-worktrees/25200cd439ec-9265fd/frontend/node_modules/@vitest/runner/dist/chunk-hooks.js:155:11\n    at file:///private/var/tmp/koskadeux/minimal-bridge-worktrees/25200cd439ec-9265fd/frontend/node_modules/@vitest/runner/dist/chunk-hooks.js:1897:20\n    at new Promise (<anonymous>)\n    at runWithTimeout (file:///private/var/tmp/koskadeux/minimal-bridge-worktrees/25200cd439ec-9265fd/frontend/node_modules/@vitest/runner/dist/chunk-hooks.js:1863:10)\n    at runHook (file:///private/var/tmp/koskadeux/minimal-bridge-worktrees/25200cd439ec-9265fd/frontend/node_modules/@vitest/runner/dist/chunk-hooks.js:1436:51)\n    at callSuiteHook (file:///private/var/tmp/koskadeux/minimal-bridge-worktrees/25200cd439ec-9265fd/frontend/node_modules/@vitest/runner/dist/chunk-hooks.js:1442:25)\n    at runTest (file:///private/var/tmp/koskadeux/minimal-bridge-worktrees/25200cd439ec-9265fd/frontend/node_modules/@vitest/runner/dist/chunk-hooks.js:1566:32)\n    at processTicksAndRejections (node:internal/process/task_queues:103:5)\n    at runSuite (file:///private/var/tmp/koskadeux/minimal-bridge-worktrees/25200cd439ec-9265fd/frontend/node_modules/@vitest/runner/dist/chunk-hooks.js:1729:8)"],"meta":{}},{"ancestorTitles":[],"fullName":"mode_legacy_account_switch_and_logout","status":"failed","title":"mode_legacy_account_switch_and_logout","duration":0.18162500000005366,"failureMessages":["TypeError: localStorage.clear is not a function\n    at /private/tmp/s1716-c2d-r2-baseline/frontend/src/lib/aimMarketAuth.test.ts:8:16\n    at file:///private/var/tmp/koskadeux/minimal-bridge-worktrees/25200cd439ec-9265fd/frontend/node_modules/@vitest/runner/dist/chunk-hooks.js:155:11\n    at file:///private/var/tmp/koskadeux/minimal-bridge-worktrees/25200cd439ec-9265fd/frontend/node_modules/@vitest/runner/dist/chunk-hooks.js:1897:20\n    at new Promise (<anonymous>)\n    at runWithTimeout (file:///private/var/tmp/koskadeux/minimal-bridge-worktrees/25200cd439ec-9265fd/frontend/node_modules/@vitest/runner/dist/chunk-hooks.js:1863:10)\n    at runHook (file:///private/var/tmp/koskadeux/minimal-bridge-worktrees/25200cd439ec-9265fd/frontend/node_modules/@vitest/runner/dist/chunk-hooks.js:1436:51)\n    at callSuiteHook (file:///private/var/tmp/koskadeux/minimal-bridge-worktrees/25200cd439ec-9265fd/frontend/node_modules/@vitest/runner/dist/chunk-hooks.js:1442:25)\n    at runTest (file:///private/var/tmp/koskadeux/minimal-bridge-worktrees/25200cd439ec-9265fd/frontend/node_modules/@vitest/runner/dist/chunk-hooks.js:1566:32)\n    at processTicksAndRejections (node:internal/process/task_queues:103:5)\n    at runSuite (file:///private/var/tmp/koskadeux/minimal-bridge-worktrees/25200cd439ec-9265fd/frontend/node_modules/@vitest/runner/dist/chunk-hooks.js:1729:8)"],"meta":{}},{"ancestorTitles":[],"fullName":"transient_refresh_does_not_clear_auth (429)","status":"failed","title":"transient_refresh_does_not_clear_auth (429)","duration":0.11787500000002638,"failureMessages":["TypeError: localStorage.clear is not a function\n    at /private/tmp/s1716-c2d-r2-baseline/frontend/src/lib/aimMarketAuth.test.ts:8:16\n    at file:///private/var/tmp/koskadeux/minimal-bridge-worktrees/25200cd439ec-9265fd/frontend/node_modules/@vitest/runner/dist/chunk-hooks.js:155:11\n    at file:///private/var/tmp/koskadeux/minimal-bridge-worktrees/25200cd439ec-9265fd/frontend/node_modules/@vitest/runner/dist/chunk-hooks.js:1897:20\n    at new Promise (<anonymous>)\n    at runWithTimeout (file:///private/var/tmp/koskadeux/minimal-bridge-worktrees/25200cd439ec-9265fd/frontend/node_modules/@vitest/runner/dist/chunk-hooks.js:1863:10)\n    at runHook (file:///private/var/tmp/koskadeux/minimal-bridge-worktrees/25200cd439ec-9265fd/frontend/node_modules/@vitest/runner/dist/chunk-hooks.js:1436:51)\n    at callSuiteHook (file:///private/var/tmp/koskadeux/minimal-bridge-worktrees/25200cd439ec-9265fd/frontend/node_modules/@vitest/runner/dist/chunk-hooks.js:1442:25)\n    at runTest (file:///private/var/tmp/koskadeux/minimal-bridge-worktrees/25200cd439ec-9265fd/frontend/node_modules/@vitest/runner/dist/chunk-hooks.js:1566:32)\n    at processTicksAndRejections (node:internal/process/task_queues:103:5)\n    at runSuite (file:///private/var/tmp/koskadeux/minimal-bridge-worktrees/25200cd439ec-9265fd/frontend/node_modules/@vitest/runner/dist/chunk-hooks.js:1729:8)"],"meta":{}},{"ancestorTitles":[],"fullName":"transient_refresh_does_not_clear_auth (502)","status":"failed","title":"transient_refresh_does_not_clear_auth (502)","duration":0.11474999999995816,"failureMessages":["TypeError: localStorage.clear is not a function\n    at /private/tmp/s1716-c2d-r2-baseline/frontend/src/lib/aimMarketAuth.test.ts:8:16\n    at file:///private/var/tmp/koskadeux/minimal-bridge-worktrees/25200cd439ec-9265fd/frontend/node_modules/@vitest/runner/dist/chunk-hooks.js:155:11\n    at file:///private/var/tmp/koskadeux/minimal-bridge-worktrees/25200cd439ec-9265fd/frontend/node_modules/@vitest/runner/dist/chunk-hooks.js:1897:20\n    at new Promise (<anonymous>)\n    at runWithTimeout (file:///private/var/tmp/koskadeux/minimal-bridge-worktrees/25200cd439ec-9265fd/frontend/node_modules/@vitest/runner/dist/chunk-hooks.js:1863:10)\n    at runHook (file:///private/var/tmp/koskadeux/minimal-bridge-worktrees/25200cd439ec-9265fd/frontend/node_modules/@vitest/runner/dist/chunk-hooks.js:1436:51)\n    at callSuiteHook (file:///private/var/tmp/koskadeux/minimal-bridge-worktrees/25200cd439ec-9265fd/frontend/node_modules/@vitest/runner/dist/chunk-hooks.js:1442:25)\n    at runTest (file:///private/var/tmp/koskadeux/minimal-bridge-worktrees/25200cd439ec-9265fd/frontend/node_modules/@vitest/runner/dist/chunk-hooks.js:1566:32)\n    at processTicksAndRejections (node:internal/process/task_queues:103:5)\n    at runSuite (file:///private/var/tmp/koskadeux/minimal-bridge-worktrees/25200cd439ec-9265fd/frontend/node_modules/@vitest/runner/dist/chunk-hooks.js:1729:8)"],"meta":{}},{"ancestorTitles":[],"fullName":"transient_refresh_does_not_clear_auth (503)","status":"failed","title":"transient_refresh_does_not_clear_auth (503)","duration":0.12745799999993324,"failureMessages":["TypeError: localStorage.clear is not a function\n    at /private/tmp/s1716-c2d-r2-baseline/frontend/src/lib/aimMarketAuth.test.ts:8:16\n    at file:///private/var/tmp/koskadeux/minimal-bridge-worktrees/25200cd439ec-9265fd/frontend/node_modules/@vitest/runner/dist/chunk-hooks.js:155:11\n    at file:///private/var/tmp/koskadeux/minimal-bridge-worktrees/25200cd439ec-9265fd/frontend/node_modules/@vitest/runner/dist/chunk-hooks.js:1897:20\n    at new Promise (<anonymous>)\n    at runWithTimeout (file:///private/var/tmp/koskadeux/minimal-bridge-worktrees/25200cd439ec-9265fd/frontend/node_modules/@vitest/runner/dist/chunk-hooks.js:1863:10)\n    at runHook (file:///private/var/tmp/koskadeux/minimal-bridge-worktrees/25200cd439ec-9265fd/frontend/node_modules/@vitest/runner/dist/chunk-hooks.js:1436:51)\n    at callSuiteHook (file:///private/var/tmp/koskadeux/minimal-bridge-worktrees/25200cd439ec-9265fd/frontend/node_modules/@vitest/runner/dist/chunk-hooks.js:1442:25)\n    at runTest (file:///private/var/tmp/koskadeux/minimal-bridge-worktrees/25200cd439ec-9265fd/frontend/node_modules/@vitest/runner/dist/chunk-hooks.js:1566:32)\n    at processTicksAndRejections (node:internal/process/task_queues:103:5)\n    at runSuite (file:///private/var/tmp/koskadeux/minimal-bridge-worktrees/25200cd439ec-9265fd/frontend/node_modules/@vitest/runner/dist/chunk-hooks.js:1729:8)"],"meta":{}},{"ancestorTitles":[],"fullName":"transient_refresh_does_not_clear_auth (504)","status":"failed","title":"transient_refresh_does_not_clear_auth (504)","duration":0.09516699999994671,"failureMessages":["TypeError: localStorage.clear is not a function\n    at /private/tmp/s1716-c2d-r2-baseline/frontend/src/lib/aimMarketAuth.test.ts:8:16\n    at file:///private/var/tmp/koskadeux/minimal-bridge-worktrees/25200cd439ec-9265fd/frontend/node_modules/@vitest/runner/dist/chunk-hooks.js:155:11\n    at file:///private/var/tmp/koskadeux/minimal-bridge-worktrees/25200cd439ec-9265fd/frontend/node_modules/@vitest/runner/dist/chunk-hooks.js:1897:20\n    at new Promise (<anonymous>)\n    at runWithTimeout (file:///private/var/tmp/koskadeux/minimal-bridge-worktrees/25200cd439ec-9265fd/frontend/node_modules/@vitest/runner/dist/chunk-hooks.js:1863:10)\n    at runHook (file:///private/var/tmp/koskadeux/minimal-bridge-worktrees/25200cd439ec-9265fd/frontend/node_modules/@vitest/runner/dist/chunk-hooks.js:1436:51)\n    at callSuiteHook (file:///private/var/tmp/koskadeux/minimal-bridge-worktrees/25200cd439ec-9265fd/frontend/node_modules/@vitest/runner/dist/chunk-hooks.js:1442:25)\n    at runTest (file:///private/var/tmp/koskadeux/minimal-bridge-worktrees/25200cd439ec-9265fd/frontend/node_modules/@vitest/runner/dist/chunk-hooks.js:1566:32)\n    at processTicksAndRejections (node:internal/process/task_queues:103:5)\n    at runSuite (file:///private/var/tmp/koskadeux/minimal-bridge-worktrees/25200cd439ec-9265fd/frontend/node_modules/@vitest/runner/dist/chunk-hooks.js:1729:8)"],"meta":{}},{"ancestorTitles":[],"fullName":"transient_refresh_does_not_clear_auth (network)","status":"failed","title":"transient_refresh_does_not_clear_auth (network)","duration":0.09212500000001,"failureMessages":["TypeError: localStorage.clear is not a function\n    at /private/tmp/s1716-c2d-r2-baseline/frontend/src/lib/aimMarketAuth.test.ts:8:16\n    at file:///private/var/tmp/koskadeux/minimal-bridge-worktrees/25200cd439ec-9265fd/frontend/node_modules/@vitest/runner/dist/chunk-hooks.js:155:11\n    at file:///private/var/tmp/koskadeux/minimal-bridge-worktrees/25200cd439ec-9265fd/frontend/node_modules/@vitest/runner/dist/chunk-hooks.js:1897:20\n    at new Promise (<anonymous>)\n    at runWithTimeout (file:///private/var/tmp/koskadeux/minimal-bridge-worktrees/25200cd439ec-9265fd/frontend/node_modules/@vitest/runner/dist/chunk-hooks.js:1863:10)\n    at runHook (file:///private/var/tmp/koskadeux/minimal-bridge-worktrees/25200cd439ec-9265fd/frontend/node_modules/@vitest/runner/dist/chunk-hooks.js:1436:51)\n    at callSuiteHook (file:///private/var/tmp/koskadeux/minimal-bridge-worktrees/25200cd439ec-9265fd/frontend/node_modules/@vitest/runner/dist/chunk-hooks.js:1442:25)\n    at runTest (file:///private/var/tmp/koskadeux/minimal-bridge-worktrees/25200cd439ec-9265fd/frontend/node_modules/@vitest/runner/dist/chunk-hooks.js:1566:32)\n    at processTicksAndRejections (node:internal/process/task_queues:103:5)\n    at runSuite (file:///private/var/tmp/koskadeux/minimal-bridge-worktrees/25200cd439ec-9265fd/frontend/node_modules/@vitest/runner/dist/chunk-hooks.js:1729:8)"],"meta":{}},{"ancestorTitles":[],"fullName":"terminal refresh clears auth (401)","status":"failed","title":"terminal refresh clears auth (401)","duration":0.08399999999994634,"failureMessages":["TypeError: localStorage.clear is not a function\n    at /private/tmp/s1716-c2d-r2-baseline/frontend/src/lib/aimMarketAuth.test.ts:8:16\n    at file:///private/var/tmp/koskadeux/minimal-bridge-worktrees/25200cd439ec-9265fd/frontend/node_modules/@vitest/runner/dist/chunk-hooks.js:155:11\n    at file:///private/var/tmp/koskadeux/minimal-bridge-worktrees/25200cd439ec-9265fd/frontend/node_modules/@vitest/runner/dist/chunk-hooks.js:1897:20\n    at new Promise (<anonymous>)\n    at runWithTimeout (file:///private/var/tmp/koskadeux/minimal-bridge-worktrees/25200cd439ec-9265fd/frontend/node_modules/@vitest/runner/dist/chunk-hooks.js:1863:10)\n    at runHook (file:///private/var/tmp/koskadeux/minimal-bridge-worktrees/25200cd439ec-9265fd/frontend/node_modules/@vitest/runner/dist/chunk-hooks.js:1436:51)\n    at callSuiteHook (file:///private/var/tmp/koskadeux/minimal-bridge-worktrees/25200cd439ec-9265fd/frontend/node_modules/@vitest/runner/dist/chunk-hooks.js:1442:25)\n    at runTest (file:///private/var/tmp/koskadeux/minimal-bridge-worktrees/25200cd439ec-9265fd/frontend/node_modules/@vitest/runner/dist/chunk-hooks.js:1566:32)\n    at processTicksAndRejections (node:internal/process/task_queues:103:5)\n    at runSuite (file:///private/var/tmp/koskadeux/minimal-bridge-worktrees/25200cd439ec-9265fd/frontend/node_modules/@vitest/runner/dist/chunk-hooks.js:1729:8)"],"meta":{}},{"ancestorTitles":[],"fullName":"terminal refresh clears auth (403)","status":"failed","title":"terminal refresh clears auth (403)","duration":0.09695799999997234,"failureMessages":["TypeError: localStorage.clear is not a function\n    at /private/tmp/s1716-c2d-r2-baseline/frontend/src/lib/aimMarketAuth.test.ts:8:16\n    at file:///private/var/tmp/koskadeux/minimal-bridge-worktrees/25200cd439ec-9265fd/frontend/node_modules/@vitest/runner/dist/chunk-hooks.js:155:11\n    at file:///private/var/tmp/koskadeux/minimal-bridge-worktrees/25200cd439ec-9265fd/frontend/node_modules/@vitest/runner/dist/chunk-hooks.js:1897:20\n    at new Promise (<anonymous>)\n    at runWithTimeout (file:///private/var/tmp/koskadeux/minimal-bridge-worktrees/25200cd439ec-9265fd/frontend/node_modules/@vitest/runner/dist/chunk-hooks.js:1863:10)\n    at runHook (file:///private/var/tmp/koskadeux/minimal-bridge-worktrees/25200cd439ec-9265fd/frontend/node_modules/@vitest/runner/dist/chunk-hooks.js:1436:51)\n    at callSuiteHook (file:///private/var/tmp/koskadeux/minimal-bridge-worktrees/25200cd439ec-9265fd/frontend/node_modules/@vitest/runner/dist/chunk-hooks.js:1442:25)\n    at runTest (file:///private/var/tmp/koskadeux/minimal-bridge-worktrees/25200cd439ec-9265fd/frontend/node_modules/@vitest/runner/dist/chunk-hooks.js:1566:32)\n    at processTicksAndRejections (node:internal/process/task_queues:103:5)\n    at runSuite (file:///private/var/tmp/koskadeux/minimal-bridge-worktrees/25200cd439ec-9265fd/frontend/node_modules/@vitest/runner/dist/chunk-hooks.js:1729:8)"],"meta":{}},{"ancestorTitles":[],"fullName":"logout or account switch during refresh cannot restore the old session","status":"failed","title":"logout or account switch during refresh cannot restore the old session","duration":0.11650000000008731,"failureMessages":["TypeError: localStorage.clear is not a function\n    at /private/tmp/s1716-c2d-r2-baseline/frontend/src/lib/aimMarketAuth.test.ts:8:16\n    at file:///private/var/tmp/koskadeux/minimal-bridge-worktrees/25200cd439ec-9265fd/frontend/node_modules/@vitest/runner/dist/chunk-hooks.js:155:11\n    at file:///private/var/tmp/koskadeux/minimal-bridge-worktrees/25200cd439ec-9265fd/frontend/node_modules/@vitest/runner/dist/chunk-hooks.js:1897:20\n    at new Promise (<anonymous>)\n    at runWithTimeout (file:///private/var/tmp/koskadeux/minimal-bridge-worktrees/25200cd439ec-9265fd/frontend/node_modules/@vitest/runner/dist/chunk-hooks.js:1863:10)\n    at runHook (file:///private/var/tmp/koskadeux/minimal-bridge-worktrees/25200cd439ec-9265fd/frontend/node_modules/@vitest/runner/dist/chunk-hooks.js:1436:51)\n    at callSuiteHook (file:///private/var/tmp/koskadeux/minimal-bridge-worktrees/25200cd439ec-9265fd/frontend/node_modules/@vitest/runner/dist/chunk-hooks.js:1442:25)\n    at runTest (file:///private/var/tmp/koskadeux/minimal-bridge-worktrees/25200cd439ec-9265fd/frontend/node_modules/@vitest/runner/dist/chunk-hooks.js:1566:32)\n    at processTicksAndRejections (node:internal/process/task_queues:103:5)\n    at runSuite (file:///private/var/tmp/koskadeux/minimal-bridge-worktrees/25200cd439ec-9265fd/frontend/node_modules/@vitest/runner/dist/chunk-hooks.js:1729:8)"],"meta":{}},{"ancestorTitles":[],"fullName":"no_credentials_in_navigation","status":"failed","title":"no_credentials_in_navigation","duration":0.0830829999999878,"failureMessages":["TypeError: localStorage.clear is not a function\n    at /private/tmp/s1716-c2d-r2-baseline/frontend/src/lib/aimMarketAuth.test.ts:8:16\n    at file:///private/var/tmp/koskadeux/minimal-bridge-worktrees/25200cd439ec-9265fd/frontend/node_modules/@vitest/runner/dist/chunk-hooks.js:155:11\n    at file:///private/var/tmp/koskadeux/minimal-bridge-worktrees/25200cd439ec-9265fd/frontend/node_modules/@vitest/runner/dist/chunk-hooks.js:1897:20\n    at new Promise (<anonymous>)\n    at runWithTimeout (file:///private/var/tmp/koskadeux/minimal-bridge-worktrees/25200cd439ec-9265fd/frontend/node_modules/@vitest/runner/dist/chunk-hooks.js:1863:10)\n    at runHook (file:///private/var/tmp/koskadeux/minimal-bridge-worktrees/25200cd439ec-9265fd/frontend/node_modules/@vitest/runner/dist/chunk-hooks.js:1436:51)\n    at callSuiteHook (file:///private/var/tmp/koskadeux/minimal-bridge-worktrees/25200cd439ec-9265fd/frontend/node_modules/@vitest/runner/dist/chunk-hooks.js:1442:25)\n    at runTest (file:///private/var/tmp/koskadeux/minimal-bridge-worktrees/25200cd439ec-9265fd/frontend/node_modules/@vitest/runner/dist/chunk-hooks.js:1566:32)\n    at processTicksAndRejections (node:internal/process/task_queues:103:5)\n    at runSuite (file:///private/var/tmp/koskadeux/minimal-bridge-worktrees/25200cd439ec-9265fd/frontend/node_modules/@vitest/runner/dist/chunk-hooks.js:1729:8)"],"meta":{}},{"ancestorTitles":[],"fullName":"legacy refresh explicitly uses password mode","status":"failed","title":"legacy refresh explicitly uses password mode","duration":0.07712500000002365,"failureMessages":["TypeError: localStorage.clear is not a function\n    at /private/tmp/s1716-c2d-r2-baseline/frontend/src/lib/aimMarketAuth.test.ts:8:16\n    at file:///private/var/tmp/koskadeux/minimal-bridge-worktrees/25200cd439ec-9265fd/frontend/node_modules/@vitest/runner/dist/chunk-hooks.js:155:11\n    at file:///private/var/tmp/koskadeux/minimal-bridge-worktrees/25200cd439ec-9265fd/frontend/node_modules/@vitest/runner/dist/chunk-hooks.js:1897:20\n    at new Promise (<anonymous>)\n    at runWithTimeout (file:///private/var/tmp/koskadeux/minimal-bridge-worktrees/25200cd439ec-9265fd/frontend/node_modules/@vitest/runner/dist/chunk-hooks.js:1863:10)\n    at runHook (file:///private/var/tmp/koskadeux/minimal-bridge-worktrees/25200cd439ec-9265fd/frontend/node_modules/@vitest/runner/dist/chunk-hooks.js:1436:51)\n    at callSuiteHook (file:///private/var/tmp/koskadeux/minimal-bridge-worktrees/25200cd439ec-9265fd/frontend/node_modules/@vitest/runner/dist/chunk-hooks.js:1442:25)\n    at runTest (file:///private/var/tmp/koskadeux/minimal-bridge-worktrees/25200cd439ec-9265fd/frontend/node_modules/@vitest/runner/dist/chunk-hooks.js:1566:32)\n    at processTicksAndRejections (node:internal/process/task_queues:103:5)\n    at runSuite (file:///private/var/tmp/koskadeux/minimal-bridge-worktrees/25200cd439ec-9265fd/frontend/node_modules/@vitest/runner/dist/chunk-hooks.js:1729:8)"],"meta":{}},{"ancestorTitles":[],"fullName":"unavailable coordination fails closed without a refresh transport","status":"failed","title":"unavailable coordination fails closed without a refresh transport","duration":0.07712499999990996,"failureMessages":["TypeError: localStorage.clear is not a function\n    at /private/tmp/s1716-c2d-r2-baseline/frontend/src/lib/aimMarketAuth.test.ts:8:16\n    at file:///private/var/tmp/koskadeux/minimal-bridge-worktrees/25200cd439ec-9265fd/frontend/node_modules/@vitest/runner/dist/chunk-hooks.js:155:11\n    at file:///private/var/tmp/koskadeux/minimal-bridge-worktrees/25200cd439ec-9265fd/frontend/node_modules/@vitest/runner/dist/chunk-hooks.js:1897:20\n    at new Promise (<anonymous>)\n    at runWithTimeout (file:///private/var/tmp/koskadeux/minimal-bridge-worktrees/25200cd439ec-9265fd/frontend/node_modules/@vitest/runner/dist/chunk-hooks.js:1863:10)\n    at runHook (file:///private/var/tmp/koskadeux/minimal-bridge-worktrees/25200cd439ec-9265fd/frontend/node_modules/@vitest/runner/dist/chunk-hooks.js:1436:51)\n    at callSuiteHook (file:///private/var/tmp/koskadeux/minimal-bridge-worktrees/25200cd439ec-9265fd/frontend/node_modules/@vitest/runner/dist/chunk-hooks.js:1442:25)\n    at runTest (file:///private/var/tmp/koskadeux/minimal-bridge-worktrees/25200cd439ec-9265fd/frontend/node_modules/@vitest/runner/dist/chunk-hooks.js:1566:32)\n    at processTicksAndRejections (node:internal/process/task_queues:103:5)\n    at runSuite (file:///private/var/tmp/koskadeux/minimal-bridge-worktrees/25200cd439ec-9265fd/frontend/node_modules/@vitest/runner/dist/chunk-hooks.js:1729:8)"],"meta":{}},{"ancestorTitles":[],"fullName":"serial fallback queues independent tabs and stores no lock values","status":"failed","title":"serial fallback queues independent tabs and stores no lock values","duration":0.08104100000002745,"failureMessages":["TypeError: localStorage.clear is not a function\n    at /private/tmp/s1716-c2d-r2-baseline/frontend/src/lib/aimMarketAuth.test.ts:8:16\n    at file:///private/var/tmp/koskadeux/minimal-bridge-worktrees/25200cd439ec-9265fd/frontend/node_modules/@vitest/runner/dist/chunk-hooks.js:155:11\n    at file:///private/var/tmp/koskadeux/minimal-bridge-worktrees/25200cd439ec-9265fd/frontend/node_modules/@vitest/runner/dist/chunk-hooks.js:1897:20\n    at new Promise (<anonymous>)\n    at runWithTimeout (file:///private/var/tmp/koskadeux/minimal-bridge-worktrees/25200cd439ec-9265fd/frontend/node_modules/@vitest/runner/dist/chunk-hooks.js:1863:10)\n    at runHook (file:///private/var/tmp/koskadeux/minimal-bridge-worktrees/25200cd439ec-9265fd/frontend/node_modules/@vitest/runner/dist/chunk-hooks.js:1436:51)\n    at callSuiteHook (file:///private/var/tmp/koskadeux/minimal-bridge-worktrees/25200cd439ec-9265fd/frontend/node_modules/@vitest/runner/dist/chunk-hooks.js:1442:25)\n    at runTest (file:///private/var/tmp/koskadeux/minimal-bridge-worktrees/25200cd439ec-9265fd/frontend/node_modules/@vitest/runner/dist/chunk-hooks.js:1566:32)\n    at processTicksAndRejections (node:internal/process/task_queues:103:5)\n    at runSuite (file:///private/var/tmp/koskadeux/minimal-bridge-worktrees/25200cd439ec-9265fd/frontend/node_modules/@vitest/runner/dist/chunk-hooks.js:1729:8)"],"meta":{}},{"ancestorTitles":[],"fullName":"startAuth preserves nonce with provider google","status":"failed","title":"startAuth preserves nonce with provider google","duration":0.07266600000002654,"failureMessages":["TypeError: localStorage.clear is not a function\n    at /private/tmp/s1716-c2d-r2-baseline/frontend/src/lib/aimMarketAuth.test.ts:8:16\n    at file:///private/var/tmp/koskadeux/minimal-bridge-worktrees/25200cd439ec-9265fd/frontend/node_modules/@vitest/runner/dist/chunk-hooks.js:155:11\n    at file:///private/var/tmp/koskadeux/minimal-bridge-worktrees/25200cd439ec-9265fd/frontend/node_modules/@vitest/runner/dist/chunk-hooks.js:1897:20\n    at new Promise (<anonymous>)\n    at runWithTimeout (file:///private/var/tmp/koskadeux/minimal-bridge-worktrees/25200cd439ec-9265fd/frontend/node_modules/@vitest/runner/dist/chunk-hooks.js:1863:10)\n    at runHook (file:///private/var/tmp/koskadeux/minimal-bridge-worktrees/25200cd439ec-9265fd/frontend/node_modules/@vitest/runner/dist/chunk-hooks.js:1436:51)\n    at callSuiteHook (file:///private/var/tmp/koskadeux/minimal-bridge-worktrees/25200cd439ec-9265fd/frontend/node_modules/@vitest/runner/dist/chunk-hooks.js:1442:25)\n    at runTest (file:///private/var/tmp/koskadeux/minimal-bridge-worktrees/25200cd439ec-9265fd/frontend/node_modules/@vitest/runner/dist/chunk-hooks.js:1566:32)\n    at processTicksAndRejections (node:internal/process/task_queues:103:5)\n    at runSuite (file:///private/var/tmp/koskadeux/minimal-bridge-worktrees/25200cd439ec-9265fd/frontend/node_modules/@vitest/runner/dist/chunk-hooks.js:1729:8)"],"meta":{}},{"ancestorTitles":[],"fullName":"startAuth preserves nonce with provider github","status":"failed","title":"startAuth preserves nonce with provider github","duration":0.07329200000003766,"failureMessages":["TypeError: localStorage.clear is not a function\n    at /private/tmp/s1716-c2d-r2-baseline/frontend/src/lib/aimMarketAuth.test.ts:8:16\n    at file:///private/var/tmp/koskadeux/minimal-bridge-worktrees/25200cd439ec-9265fd/frontend/node_modules/@vitest/runner/dist/chunk-hooks.js:155:11\n    at file:///private/var/tmp/koskadeux/minimal-bridge-worktrees/25200cd439ec-9265fd/frontend/node_modules/@vitest/runner/dist/chunk-hooks.js:1897:20\n    at new Promise (<anonymous>)\n    at runWithTimeout (file:///private/var/tmp/koskadeux/minimal-bridge-worktrees/25200cd439ec-9265fd/frontend/node_modules/@vitest/runner/dist/chunk-hooks.js:1863:10)\n    at runHook (file:///private/var/tmp/koskadeux/minimal-bridge-worktrees/25200cd439ec-9265fd/frontend/node_modules/@vitest/runner/dist/chunk-hooks.js:1436:51)\n    at callSuiteHook (file:///private/var/tmp/koskadeux/minimal-bridge-worktrees/25200cd439ec-9265fd/frontend/node_modules/@vitest/runner/dist/chunk-hooks.js:1442:25)\n    at runTest (file:///private/var/tmp/koskadeux/minimal-bridge-worktrees/25200cd439ec-9265fd/frontend/node_modules/@vitest/runner/dist/chunk-hooks.js:1566:32)\n    at processTicksAndRejections (node:internal/process/task_queues:103:5)\n    at runSuite (file:///private/var/tmp/koskadeux/minimal-bridge-worktrees/25200cd439ec-9265fd/frontend/node_modules/@vitest/runner/dist/chunk-hooks.js:1729:8)"],"meta":{}},{"ancestorTitles":[],"fullName":"startAuth preserves nonce with provider undefined","status":"failed","title":"startAuth preserves nonce with provider undefined","duration":0.07258300000000872,"failureMessages":["TypeError: localStorage.clear is not a function\n    at /private/tmp/s1716-c2d-r2-baseline/frontend/src/lib/aimMarketAuth.test.ts:8:16\n    at file:///private/var/tmp/koskadeux/minimal-bridge-worktrees/25200cd439ec-9265fd/frontend/node_modules/@vitest/runner/dist/chunk-hooks.js:155:11\n    at file:///private/var/tmp/koskadeux/minimal-bridge-worktrees/25200cd439ec-9265fd/frontend/node_modules/@vitest/runner/dist/chunk-hooks.js:1897:20\n    at new Promise (<anonymous>)\n    at runWithTimeout (file:///private/var/tmp/koskadeux/minimal-bridge-worktrees/25200cd439ec-9265fd/frontend/node_modules/@vitest/runner/dist/chunk-hooks.js:1863:10)\n    at runHook (file:///private/var/tmp/koskadeux/minimal-bridge-worktrees/25200cd439ec-9265fd/frontend/node_modules/@vitest/runner/dist/chunk-hooks.js:1436:51)\n    at callSuiteHook (file:///private/var/tmp/koskadeux/minimal-bridge-worktrees/25200cd439ec-9265fd/frontend/node_modules/@vitest/runner/dist/chunk-hooks.js:1442:25)\n    at runTest (file:///private/var/tmp/koskadeux/minimal-bridge-worktrees/25200cd439ec-9265fd/frontend/node_modules/@vitest/runner/dist/chunk-hooks.js:1566:32)\n    at processTicksAndRejections (node:internal/process/task_queues:103:5)\n    at runSuite (file:///private/var/tmp/koskadeux/minimal-bridge-worktrees/25200cd439ec-9265fd/frontend/node_modules/@vitest/runner/dist/chunk-hooks.js:1729:8)"],"meta":{}}],"startTime":1789657310100,"endTime":1789657310105.081,"status":"failed","message":"","name":"/private/tmp/s1716-c2d-r2-baseline/frontend/src/lib/aimMarketAuth.test.ts"},{"assertionResults":[{"ancestorTitles":["disclosure payload builder"],"fullName":"disclosure payload builder maps approved metadata to approved_fields","status":"passed","title":"maps approved metadata to approved_fields","duration":1.6967919999999594,"failureMessages":[],"meta":{}},{"ancestorTitles":["disclosure payload builder"],"fullName":"disclosure payload builder serializes the exact no-sample request with schema.columns","status":"passed","title":"serializes the exact no-sample request with schema.columns","duration":0.8262500000000728,"failureMessages":[],"meta":{}},{"ancestorTitles":["disclosure payload builder"],"fullName":"disclosure payload builder rejects legacy row approval before any outbound request","status":"passed","title":"rejects legacy row approval before any outbound request","duration":0.49779100000000653,"failureMessages":[],"meta":{}},{"ancestorTitles":["disclosure payload builder"],"fullName":"disclosure payload builder surfaces a deterministic 422 as a plain-English rejection","status":"passed","title":"surfaces a deterministic 422 as a plain-English rejection","duration":0.6285000000000309,"failureMessages":[],"meta":{}},{"ancestorTitles":["disclosure payload builder"],"fullName":"disclosure payload builder classifies a 422 validation response as a non-retryable rejection","status":"passed","title":"classifies a 422 validation response as a non-retryable rejection","duration":0.1446249999999054,"failureMessages":[],"meta":{}},{"ancestorTitles":["disclosure payload builder"],"fullName":"disclosure payload builder classifies HTTP 502 as a pending snapshot","status":"passed","title":"classifies HTTP 502 as a pending snapshot","duration":0.1180419999999458,"failureMessages":[],"meta":{}},{"ancestorTitles":["disclosure payload builder"],"fullName":"disclosure payload builder classifies HTTP 504 as a pending snapshot","status":"passed","title":"classifies HTTP 504 as a pending snapshot","duration":0.09441700000002129,"failureMessages":[],"meta":{}},{"ancestorTitles":["disclosure payload builder"],"fullName":"disclosure payload builder classifies an indeterminate audit result as disclosure unknown","status":"passed","title":"classifies an indeterminate audit result as disclosure unknown","duration":0.10983299999998053,"failureMessages":[],"meta":{}},{"ancestorTitles":["disclosure payload builder"],"fullName":"disclosure payload builder fails caps without projecting or trimming selected records","status":"passed","title":"fails caps without projecting or trimming selected records","duration":0.244083000000046,"failureMessages":[],"meta":{}},{"ancestorTitles":["disclosure payload builder"],"fullName":"disclosure payload builder requires final confirmation before building acked payload","status":"passed","title":"requires final confirmation before building acked payload","duration":0.15383300000007694,"failureMessages":[],"meta":{}}],"startTime":1789657310159,"endTime":1789657310163.2441,"status":"passed","message":"","name":"/private/tmp/s1716-c2d-r2-baseline/frontend/src/lib/disclosure.test.ts"},{"assertionResults":[{"ancestorTitles":["formatErrorDetail"],"fullName":"formatErrorDetail returns a string message for a FastAPI 422 detail array (the React #31 crash case)","status":"passed","title":"returns a string message for a FastAPI 422 detail array (the React #31 crash case)","duration":0.7215419999999995,"failureMessages":[],"meta":{}},{"ancestorTitles":["formatErrorDetail"],"fullName":"formatErrorDetail passes through a plain string detail","status":"passed","title":"passes through a plain string detail","duration":0.06229099999995924,"failureMessages":[],"meta":{}},{"ancestorTitles":["formatErrorDetail"],"fullName":"formatErrorDetail uses the fallback for null/empty","status":"passed","title":"uses the fallback for null/empty","duration":0.0705000000000382,"failureMessages":[],"meta":{}},{"ancestorTitles":["formatErrorDetail"],"fullName":"formatErrorDetail extracts msg from a single error object","status":"passed","title":"extracts msg from a single error object","duration":0.044499999999970896,"failureMessages":[],"meta":{}}],"startTime":1789657310103,"endTime":1789657310104.0706,"status":"passed","message":"","name":"/private/tmp/s1716-c2d-r2-baseline/frontend/src/lib/format-error.test.ts"},{"assertionResults":[{"ancestorTitles":["seller listing preparation"],"fullName":"seller listing preparation enables metadata acceptance without a draft listing id","status":"passed","title":"enables metadata acceptance without a draft listing id","duration":111.00858300000004,"failureMessages":[],"meta":{}},{"ancestorTitles":["seller listing preparation"],"fullName":"seller listing preparation rehydrates persisted metadata and privacy decisions at step 2 without regenerating metadata","status":"passed","title":"rehydrates persisted metadata and privacy decisions at step 2 without regenerating metadata","duration":26.494249999999965,"failureMessages":[],"meta":{}},{"ancestorTitles":["disclosure snapshot failure panel"],"fullName":"disclosure snapshot failure panel renders the detailed rejection beside review without offering Retry","status":"passed","title":"renders the detailed rejection beside review without offering Retry","duration":3.2874590000001263,"failureMessages":[],"meta":{}},{"ancestorTitles":["disclosure snapshot failure panel"],"fullName":"disclosure snapshot failure panel offers Retry for snapshot_pending","status":"passed","title":"offers Retry for snapshot_pending","duration":2.954833000000008,"failureMessages":[],"meta":{}},{"ancestorTitles":["disclosure snapshot failure panel"],"fullName":"disclosure snapshot failure panel offers Retry for disclosure_unknown","status":"passed","title":"offers Retry for disclosure_unknown","duration":3.0119579999998223,"failureMessages":[],"meta":{}},{"ancestorTitles":["publish completion"],"fullName":"publish completion confirms completion, disables Publish and refetches the dataset for the published view","status":"passed","title":"confirms completion, disables Publish and refetches the dataset for the published view","duration":121.87983400000007,"failureMessages":[],"meta":{}},{"ancestorTitles":["publish completion"],"fullName":"publish completion keeps Publish disabled after snapshot failure and retries only the snapshot","status":"passed","title":"keeps Publish disabled after snapshot failure and retries only the snapshot","duration":145.20675000000006,"failureMessages":[],"meta":{}},{"ancestorTitles":["publish completion"],"fullName":"publish completion preserves successful publication if the dataset refresh fails","status":"passed","title":"preserves successful publication if the dataset refresh fails","duration":99.35404199999994,"failureMessages":[],"meta":{}},{"ancestorTitles":["dataset detail publication state"],"fullName":"dataset detail publication state shows a server-published listing with an empty marketplace registry","status":"passed","title":"shows a server-published listing with an empty marketplace registry","duration":53.37162500000022,"failureMessages":[],"meta":{}},{"ancestorTitles":["dataset detail publication state"],"fullName":"dataset detail publication state keeps publication available when listing_id is null","status":"passed","title":"keeps publication available when listing_id is null","duration":55.644250000000056,"failureMessages":[],"meta":{}}],"startTime":1789657310423,"endTime":1789657311045.6443,"status":"passed","message":"","name":"/private/tmp/s1716-c2d-r2-baseline/frontend/src/pages/DatasetDetail.test.tsx"},{"assertionResults":[{"ancestorTitles":[],"fullName":"complete_once_then_datasets","status":"failed","title":"complete_once_then_datasets","duration":17.28054099999997,"failureMessages":["TypeError: localStorage.getItem is not a function\n    at /private/tmp/s1716-c2d-r2-baseline/frontend/src/contexts/AuthContext.tsx:68:74\n    at mountState (/private/var/tmp/koskadeux/minimal-bridge-worktrees/25200cd439ec-9265fd/frontend/node_modules/react-dom/cjs/react-dom.development.js:16167:20)\n    at Object.useState (/private/var/tmp/koskadeux/minimal-bridge-worktrees/25200cd439ec-9265fd/frontend/node_modules/react-dom/cjs/react-dom.development.js:16880:16)\n    at Proxy.useState (/private/var/tmp/koskadeux/minimal-bridge-worktrees/25200cd439ec-9265fd/frontend/node_modules/react/cjs/react.development.js:1622:21)\n    at AuthProvider (/private/tmp/s1716-c2d-r2-baseline/frontend/src/contexts/AuthContext.tsx:68:31)\n    at renderWithHooks (/private/var/tmp/koskadeux/minimal-bridge-worktrees/25200cd439ec-9265fd/frontend/node_modules/react-dom/cjs/react-dom.development.js:15486:18)\n    at mountIndeterminateComponent (/private/var/tmp/koskadeux/minimal-bridge-worktrees/25200cd439ec-9265fd/frontend/node_modules/react-dom/cjs/react-dom.development.js:20103:13)\n    at beginWork (/private/var/tmp/koskadeux/minimal-bridge-worktrees/25200cd439ec-9265fd/frontend/node_modules/react-dom/cjs/react-dom.development.js:21626:16)\n    at beginWork$1 (/private/var/tmp/koskadeux/minimal-bridge-worktrees/25200cd439ec-9265fd/frontend/node_modules/react-dom/cjs/react-dom.development.js:27465:14)\n    at performUnitOfWork (/private/var/tmp/koskadeux/minimal-bridge-worktrees/25200cd439ec-9265fd/frontend/node_modules/react-dom/cjs/react-dom.development.js:26599:12)","TypeError: localStorage.clear is not a function\n    at /private/tmp/s1716-c2d-r2-baseline/frontend/src/pages/LoginCompletePage.test.tsx:8:43\n    at file:///private/var/tmp/koskadeux/minimal-bridge-worktrees/25200cd439ec-9265fd/frontend/node_modules/@vitest/runner/dist/chunk-hooks.js:155:11\n    at file:///private/var/tmp/koskadeux/minimal-bridge-worktrees/25200cd439ec-9265fd/frontend/node_modules/@vitest/runner/dist/chunk-hooks.js:1897:20\n    at new Promise (<anonymous>)\n    at runWithTimeout (file:///private/var/tmp/koskadeux/minimal-bridge-worktrees/25200cd439ec-9265fd/frontend/node_modules/@vitest/runner/dist/chunk-hooks.js:1863:10)\n    at runHook (file:///private/var/tmp/koskadeux/minimal-bridge-worktrees/25200cd439ec-9265fd/frontend/node_modules/@vitest/runner/dist/chunk-hooks.js:1436:51)\n    at callSuiteHook (file:///private/var/tmp/koskadeux/minimal-bridge-worktrees/25200cd439ec-9265fd/frontend/node_modules/@vitest/runner/dist/chunk-hooks.js:1442:25)\n    at runTest (file:///private/var/tmp/koskadeux/minimal-bridge-worktrees/25200cd439ec-9265fd/frontend/node_modules/@vitest/runner/dist/chunk-hooks.js:1597:11)\n    at processTicksAndRejections (node:internal/process/task_queues:103:5)\n    at runSuite (file:///private/var/tmp/koskadeux/minimal-bridge-worktrees/25200cd439ec-9265fd/frontend/node_modules/@vitest/runner/dist/chunk-hooks.js:1729:8)"],"meta":{}},{"ancestorTitles":[],"fullName":"failed completion never publishes authentication","status":"failed","title":"failed completion never publishes authentication","duration":1.8633749999999054,"failureMessages":["TypeError: localStorage.getItem is not a function\n    at /private/tmp/s1716-c2d-r2-baseline/frontend/src/contexts/AuthContext.tsx:68:74\n    at mountState (/private/var/tmp/koskadeux/minimal-bridge-worktrees/25200cd439ec-9265fd/frontend/node_modules/react-dom/cjs/react-dom.development.js:16167:20)\n    at Object.useState (/private/var/tmp/koskadeux/minimal-bridge-worktrees/25200cd439ec-9265fd/frontend/node_modules/react-dom/cjs/react-dom.development.js:16880:16)\n    at Proxy.useState (/private/var/tmp/koskadeux/minimal-bridge-worktrees/25200cd439ec-9265fd/frontend/node_modules/react/cjs/react.development.js:1622:21)\n    at AuthProvider (/private/tmp/s1716-c2d-r2-baseline/frontend/src/contexts/AuthContext.tsx:68:31)\n    at renderWithHooks (/private/var/tmp/koskadeux/minimal-bridge-worktrees/25200cd439ec-9265fd/frontend/node_modules/react-dom/cjs/react-dom.development.js:15486:18)\n    at mountIndeterminateComponent (/private/var/tmp/koskadeux/minimal-bridge-worktrees/25200cd439ec-9265fd/frontend/node_modules/react-dom/cjs/react-dom.development.js:20103:13)\n    at beginWork (/private/var/tmp/koskadeux/minimal-bridge-worktrees/25200cd439ec-9265fd/frontend/node_modules/react-dom/cjs/react-dom.development.js:21626:16)\n    at beginWork$1 (/private/var/tmp/koskadeux/minimal-bridge-worktrees/25200cd439ec-9265fd/frontend/node_modules/react-dom/cjs/react-dom.development.js:27465:14)\n    at performUnitOfWork (/private/var/tmp/koskadeux/minimal-bridge-worktrees/25200cd439ec-9265fd/frontend/node_modules/react-dom/cjs/react-dom.development.js:26599:12)","TypeError: localStorage.clear is not a function\n    at /private/tmp/s1716-c2d-r2-baseline/frontend/src/pages/LoginCompletePage.test.tsx:8:43\n    at file:///private/var/tmp/koskadeux/minimal-bridge-worktrees/25200cd439ec-9265fd/frontend/node_modules/@vitest/runner/dist/chunk-hooks.js:155:11\n    at file:///private/var/tmp/koskadeux/minimal-bridge-worktrees/25200cd439ec-9265fd/frontend/node_modules/@vitest/runner/dist/chunk-hooks.js:1897:20\n    at new Promise (<anonymous>)\n    at runWithTimeout (file:///private/var/tmp/koskadeux/minimal-bridge-worktrees/25200cd439ec-9265fd/frontend/node_modules/@vitest/runner/dist/chunk-hooks.js:1863:10)\n    at runHook (file:///private/var/tmp/koskadeux/minimal-bridge-worktrees/25200cd439ec-9265fd/frontend/node_modules/@vitest/runner/dist/chunk-hooks.js:1436:51)\n    at callSuiteHook (file:///private/var/tmp/koskadeux/minimal-bridge-worktrees/25200cd439ec-9265fd/frontend/node_modules/@vitest/runner/dist/chunk-hooks.js:1442:25)\n    at runTest (file:///private/var/tmp/koskadeux/minimal-bridge-worktrees/25200cd439ec-9265fd/frontend/node_modules/@vitest/runner/dist/chunk-hooks.js:1597:11)\n    at processTicksAndRejections (node:internal/process/task_queues:103:5)\n    at runSuite (file:///private/var/tmp/koskadeux/minimal-bridge-worktrees/25200cd439ec-9265fd/frontend/node_modules/@vitest/runner/dist/chunk-hooks.js:1729:8)"],"meta":{}},{"ancestorTitles":[],"fullName":"reload and API share refresh without clearing transient auth (200)","status":"failed","title":"reload and API share refresh without clearing transient auth (200)","duration":0.9247499999999036,"failureMessages":["TypeError: localStorage.removeItem is not a function\n    at Module.storeAuthTokens (/private/tmp/s1716-c2d-r2-baseline/frontend/src/lib/api.ts:70:16)\n    at /private/tmp/s1716-c2d-r2-baseline/frontend/src/pages/LoginCompletePage.test.tsx:38:3\n    at file:///private/var/tmp/koskadeux/minimal-bridge-worktrees/25200cd439ec-9265fd/frontend/node_modules/@vitest/runner/dist/chunk-hooks.js:863:59\n    at file:///private/var/tmp/koskadeux/minimal-bridge-worktrees/25200cd439ec-9265fd/frontend/node_modules/@vitest/runner/dist/chunk-hooks.js:155:11\n    at file:///private/var/tmp/koskadeux/minimal-bridge-worktrees/25200cd439ec-9265fd/frontend/node_modules/@vitest/runner/dist/chunk-hooks.js:752:26\n    at file:///private/var/tmp/koskadeux/minimal-bridge-worktrees/25200cd439ec-9265fd/frontend/node_modules/@vitest/runner/dist/chunk-hooks.js:1897:20\n    at new Promise (<anonymous>)\n    at runWithTimeout (file:///private/var/tmp/koskadeux/minimal-bridge-worktrees/25200cd439ec-9265fd/frontend/node_modules/@vitest/runner/dist/chunk-hooks.js:1863:10)\n    at runTest (file:///private/var/tmp/koskadeux/minimal-bridge-worktrees/25200cd439ec-9265fd/frontend/node_modules/@vitest/runner/dist/chunk-hooks.js:1574:12)\n    at processTicksAndRejections (node:internal/process/task_queues:103:5)","TypeError: localStorage.clear is not a function\n    at /private/tmp/s1716-c2d-r2-baseline/frontend/src/pages/LoginCompletePage.test.tsx:8:43\n    at file:///private/var/tmp/koskadeux/minimal-bridge-worktrees/25200cd439ec-9265fd/frontend/node_modules/@vitest/runner/dist/chunk-hooks.js:155:11\n    at file:///private/var/tmp/koskadeux/minimal-bridge-worktrees/25200cd439ec-9265fd/frontend/node_modules/@vitest/runner/dist/chunk-hooks.js:1897:20\n    at new Promise (<anonymous>)\n    at runWithTimeout (file:///private/var/tmp/koskadeux/minimal-bridge-worktrees/25200cd439ec-9265fd/frontend/node_modules/@vitest/runner/dist/chunk-hooks.js:1863:10)\n    at runHook (file:///private/var/tmp/koskadeux/minimal-bridge-worktrees/25200cd439ec-9265fd/frontend/node_modules/@vitest/runner/dist/chunk-hooks.js:1436:51)\n    at callSuiteHook (file:///private/var/tmp/koskadeux/minimal-bridge-worktrees/25200cd439ec-9265fd/frontend/node_modules/@vitest/runner/dist/chunk-hooks.js:1442:25)\n    at runTest (file:///private/var/tmp/koskadeux/minimal-bridge-worktrees/25200cd439ec-9265fd/frontend/node_modules/@vitest/runner/dist/chunk-hooks.js:1597:11)\n    at processTicksAndRejections (node:internal/process/task_queues:103:5)\n    at runSuite (file:///private/var/tmp/koskadeux/minimal-bridge-worktrees/25200cd439ec-9265fd/frontend/node_modules/@vitest/runner/dist/chunk-hooks.js:1729:8)"],"meta":{}},{"ancestorTitles":[],"fullName":"reload and API share refresh without clearing transient auth (429)","status":"failed","title":"reload and API share refresh without clearing transient auth (429)","duration":0.17766600000004473,"failureMessages":["TypeError: localStorage.removeItem is not a function\n    at Module.storeAuthTokens (/private/tmp/s1716-c2d-r2-baseline/frontend/src/lib/api.ts:70:16)\n    at /private/tmp/s1716-c2d-r2-baseline/frontend/src/pages/LoginCompletePage.test.tsx:38:3\n    at file:///private/var/tmp/koskadeux/minimal-bridge-worktrees/25200cd439ec-9265fd/frontend/node_modules/@vitest/runner/dist/chunk-hooks.js:863:59\n    at file:///private/var/tmp/koskadeux/minimal-bridge-worktrees/25200cd439ec-9265fd/frontend/node_modules/@vitest/runner/dist/chunk-hooks.js:155:11\n    at file:///private/var/tmp/koskadeux/minimal-bridge-worktrees/25200cd439ec-9265fd/frontend/node_modules/@vitest/runner/dist/chunk-hooks.js:752:26\n    at file:///private/var/tmp/koskadeux/minimal-bridge-worktrees/25200cd439ec-9265fd/frontend/node_modules/@vitest/runner/dist/chunk-hooks.js:1897:20\n    at new Promise (<anonymous>)\n    at runWithTimeout (file:///private/var/tmp/koskadeux/minimal-bridge-worktrees/25200cd439ec-9265fd/frontend/node_modules/@vitest/runner/dist/chunk-hooks.js:1863:10)\n    at runTest (file:///private/var/tmp/koskadeux/minimal-bridge-worktrees/25200cd439ec-9265fd/frontend/node_modules/@vitest/runner/dist/chunk-hooks.js:1574:12)\n    at processTicksAndRejections (node:internal/process/task_queues:103:5)","TypeError: localStorage.clear is not a function\n    at /private/tmp/s1716-c2d-r2-baseline/frontend/src/pages/LoginCompletePage.test.tsx:8:43\n    at file:///private/var/tmp/koskadeux/minimal-bridge-worktrees/25200cd439ec-9265fd/frontend/node_modules/@vitest/runner/dist/chunk-hooks.js:155:11\n    at file:///private/var/tmp/koskadeux/minimal-bridge-worktrees/25200cd439ec-9265fd/frontend/node_modules/@vitest/runner/dist/chunk-hooks.js:1897:20\n    at new Promise (<anonymous>)\n    at runWithTimeout (file:///private/var/tmp/koskadeux/minimal-bridge-worktrees/25200cd439ec-9265fd/frontend/node_modules/@vitest/runner/dist/chunk-hooks.js:1863:10)\n    at runHook (file:///private/var/tmp/koskadeux/minimal-bridge-worktrees/25200cd439ec-9265fd/frontend/node_modules/@vitest/runner/dist/chunk-hooks.js:1436:51)\n    at callSuiteHook (file:///private/var/tmp/koskadeux/minimal-bridge-worktrees/25200cd439ec-9265fd/frontend/node_modules/@vitest/runner/dist/chunk-hooks.js:1442:25)\n    at runTest (file:///private/var/tmp/koskadeux/minimal-bridge-worktrees/25200cd439ec-9265fd/frontend/node_modules/@vitest/runner/dist/chunk-hooks.js:1597:11)\n    at processTicksAndRejections (node:internal/process/task_queues:103:5)\n    at runSuite (file:///private/var/tmp/koskadeux/minimal-bridge-worktrees/25200cd439ec-9265fd/frontend/node_modules/@vitest/runner/dist/chunk-hooks.js:1729:8)"],"meta":{}},{"ancestorTitles":[],"fullName":"reload and API share refresh without clearing transient auth (503)","status":"failed","title":"reload and API share refresh without clearing transient auth (503)","duration":0.16354200000000674,"failureMessages":["TypeError: localStorage.removeItem is not a function\n    at Module.storeAuthTokens (/private/tmp/s1716-c2d-r2-baseline/frontend/src/lib/api.ts:70:16)\n    at /private/tmp/s1716-c2d-r2-baseline/frontend/src/pages/LoginCompletePage.test.tsx:38:3\n    at file:///private/var/tmp/koskadeux/minimal-bridge-worktrees/25200cd439ec-9265fd/frontend/node_modules/@vitest/runner/dist/chunk-hooks.js:863:59\n    at file:///private/var/tmp/koskadeux/minimal-bridge-worktrees/25200cd439ec-9265fd/frontend/node_modules/@vitest/runner/dist/chunk-hooks.js:155:11\n    at file:///private/var/tmp/koskadeux/minimal-bridge-worktrees/25200cd439ec-9265fd/frontend/node_modules/@vitest/runner/dist/chunk-hooks.js:752:26\n    at file:///private/var/tmp/koskadeux/minimal-bridge-worktrees/25200cd439ec-9265fd/frontend/node_modules/@vitest/runner/dist/chunk-hooks.js:1897:20\n    at new Promise (<anonymous>)\n    at runWithTimeout (file:///private/var/tmp/koskadeux/minimal-bridge-worktrees/25200cd439ec-9265fd/frontend/node_modules/@vitest/runner/dist/chunk-hooks.js:1863:10)\n    at runTest (file:///private/var/tmp/koskadeux/minimal-bridge-worktrees/25200cd439ec-9265fd/frontend/node_modules/@vitest/runner/dist/chunk-hooks.js:1574:12)\n    at processTicksAndRejections (node:internal/process/task_queues:103:5)","TypeError: localStorage.clear is not a function\n    at /private/tmp/s1716-c2d-r2-baseline/frontend/src/pages/LoginCompletePage.test.tsx:8:43\n    at file:///private/var/tmp/koskadeux/minimal-bridge-worktrees/25200cd439ec-9265fd/frontend/node_modules/@vitest/runner/dist/chunk-hooks.js:155:11\n    at file:///private/var/tmp/koskadeux/minimal-bridge-worktrees/25200cd439ec-9265fd/frontend/node_modules/@vitest/runner/dist/chunk-hooks.js:1897:20\n    at new Promise (<anonymous>)\n    at runWithTimeout (file:///private/var/tmp/koskadeux/minimal-bridge-worktrees/25200cd439ec-9265fd/frontend/node_modules/@vitest/runner/dist/chunk-hooks.js:1863:10)\n    at runHook (file:///private/var/tmp/koskadeux/minimal-bridge-worktrees/25200cd439ec-9265fd/frontend/node_modules/@vitest/runner/dist/chunk-hooks.js:1436:51)\n    at callSuiteHook (file:///private/var/tmp/koskadeux/minimal-bridge-worktrees/25200cd439ec-9265fd/frontend/node_modules/@vitest/runner/dist/chunk-hooks.js:1442:25)\n    at runTest (file:///private/var/tmp/koskadeux/minimal-bridge-worktrees/25200cd439ec-9265fd/frontend/node_modules/@vitest/runner/dist/chunk-hooks.js:1597:11)\n    at processTicksAndRejections (node:internal/process/task_queues:103:5)\n    at runSuite (file:///private/var/tmp/koskadeux/minimal-bridge-worktrees/25200cd439ec-9265fd/frontend/node_modules/@vitest/runner/dist/chunk-hooks.js:1729:8)"],"meta":{}},{"ancestorTitles":[],"fullName":"account switch and logout reset the published user","status":"failed","title":"account switch and logout reset the published user","duration":1.386000000000081,"failureMessages":["TypeError: localStorage.getItem is not a function\n    at /private/tmp/s1716-c2d-r2-baseline/frontend/src/contexts/AuthContext.tsx:68:74\n    at mountState (/private/var/tmp/koskadeux/minimal-bridge-worktrees/25200cd439ec-9265fd/frontend/node_modules/react-dom/cjs/react-dom.development.js:16167:20)\n    at Object.useState (/private/var/tmp/koskadeux/minimal-bridge-worktrees/25200cd439ec-9265fd/frontend/node_modules/react-dom/cjs/react-dom.development.js:16880:16)\n    at Proxy.useState (/private/var/tmp/koskadeux/minimal-bridge-worktrees/25200cd439ec-9265fd/frontend/node_modules/react/cjs/react.development.js:1622:21)\n    at AuthProvider (/private/tmp/s1716-c2d-r2-baseline/frontend/src/contexts/AuthContext.tsx:68:31)\n    at renderWithHooks (/private/var/tmp/koskadeux/minimal-bridge-worktrees/25200cd439ec-9265fd/frontend/node_modules/react-dom/cjs/react-dom.development.js:15486:18)\n    at mountIndeterminateComponent (/private/var/tmp/koskadeux/minimal-bridge-worktrees/25200cd439ec-9265fd/frontend/node_modules/react-dom/cjs/react-dom.development.js:20103:13)\n    at beginWork (/private/var/tmp/koskadeux/minimal-bridge-worktrees/25200cd439ec-9265fd/frontend/node_modules/react-dom/cjs/react-dom.development.js:21626:16)\n    at beginWork$1 (/private/var/tmp/koskadeux/minimal-bridge-worktrees/25200cd439ec-9265fd/frontend/node_modules/react-dom/cjs/react-dom.development.js:27465:14)\n    at performUnitOfWork (/private/var/tmp/koskadeux/minimal-bridge-worktrees/25200cd439ec-9265fd/frontend/node_modules/react-dom/cjs/react-dom.development.js:26599:12)","TypeError: localStorage.clear is not a function\n    at /private/tmp/s1716-c2d-r2-baseline/frontend/src/pages/LoginCompletePage.test.tsx:8:43\n    at file:///private/var/tmp/koskadeux/minimal-bridge-worktrees/25200cd439ec-9265fd/frontend/node_modules/@vitest/runner/dist/chunk-hooks.js:155:11\n    at file:///private/var/tmp/koskadeux/minimal-bridge-worktrees/25200cd439ec-9265fd/frontend/node_modules/@vitest/runner/dist/chunk-hooks.js:1897:20\n    at new Promise (<anonymous>)\n    at runWithTimeout (file:///private/var/tmp/koskadeux/minimal-bridge-worktrees/25200cd439ec-9265fd/frontend/node_modules/@vitest/runner/dist/chunk-hooks.js:1863:10)\n    at runHook (file:///private/var/tmp/koskadeux/minimal-bridge-worktrees/25200cd439ec-9265fd/frontend/node_modules/@vitest/runner/dist/chunk-hooks.js:1436:51)\n    at callSuiteHook (file:///private/var/tmp/koskadeux/minimal-bridge-worktrees/25200cd439ec-9265fd/frontend/node_modules/@vitest/runner/dist/chunk-hooks.js:1442:25)\n    at runTest (file:///private/var/tmp/koskadeux/minimal-bridge-worktrees/25200cd439ec-9265fd/frontend/node_modules/@vitest/runner/dist/chunk-hooks.js:1597:11)\n    at processTicksAndRejections (node:internal/process/task_queues:103:5)\n    at runSuite (file:///private/var/tmp/koskadeux/minimal-bridge-worktrees/25200cd439ec-9265fd/frontend/node_modules/@vitest/runner/dist/chunk-hooks.js:1729:8)"],"meta":{}}],"startTime":1789657310302,"endTime":1789657310324.386,"status":"failed","message":"","name":"/private/tmp/s1716-c2d-r2-baseline/frontend/src/pages/LoginCompletePage.test.tsx"},{"assertionResults":[{"ancestorTitles":[],"fullName":"button_disabled_preserves_password (local_disabled)","status":"passed","title":"button_disabled_preserves_password (local_disabled)","duration":140.799709,"failureMessages":[],"meta":{}},{"ancestorTitles":[],"fullName":"button_disabled_preserves_password (client_disabled)","status":"passed","title":"button_disabled_preserves_password (client_disabled)","duration":86.68875000000003,"failureMessages":[],"meta":{}},{"ancestorTitles":[],"fullName":"button_disabled_preserves_password (backend_unsupported)","status":"passed","title":"button_disabled_preserves_password (backend_unsupported)","duration":78.99379099999987,"failureMessages":[],"meta":{}},{"ancestorTitles":[],"fullName":"button_disabled_preserves_password (backend_unavailable)","status":"passed","title":"button_disabled_preserves_password (backend_unavailable)","duration":81.80233299999986,"failureMessages":[],"meta":{}},{"ancestorTitles":[],"fullName":"start disabled race keeps fallback and never navigates","status":"passed","title":"start disabled race keeps fallback and never navigates","duration":24.972791000000143,"failureMessages":[],"meta":{}},{"ancestorTitles":[],"fullName":"clicking Google posts its provider hint and disables both buttons","status":"passed","title":"clicking Google posts its provider hint and disables both buttons","duration":96.4677079999999,"failureMessages":[],"meta":{}},{"ancestorTitles":[],"fullName":"clicking GitHub posts its provider hint and disables both buttons","status":"passed","title":"clicking GitHub posts its provider hint and disables both buttons","duration":106.28412500000013,"failureMessages":[],"meta":{}}],"startTime":1789657310301,"endTime":1789657310916.2842,"status":"passed","message":"","name":"/private/tmp/s1716-c2d-r2-baseline/frontend/src/pages/LoginPage.oauth.test.tsx"},{"assertionResults":[{"ancestorTitles":["example"],"fullName":"example should pass","status":"passed","title":"should pass","duration":0.5737500000000182,"failureMessages":[],"meta":{}}],"startTime":1789657310097,"endTime":1789657310097.5737,"status":"passed","message":"","name":"/private/tmp/s1716-c2d-r2-baseline/frontend/src/test/example.test.ts"}]}