{"numTotalTestSuites":20,"numPassedTestSuites":18,"numFailedTestSuites":2,"numPendingTestSuites":0,"numTotalTests":81,"numPassedTests":58,"numFailedTests":23,"numPendingTests":0,"numTodoTests":0,"snapshot":{"added":0,"failure":false,"filesAdded":0,"filesRemoved":0,"filesRemovedList":[],"filesUnmatched":0,"filesUpdated":0,"matched":0,"total":0,"unchecked":0,"uncheckedKeysByFile":[],"unmatched":0,"updated":0,"didUpdate":false},"startTime":1789657281592,"success":false,"testResults":[{"assertionResults":[{"ancestorTitles":[],"fullName":"defaults to no sample and never creates a job on mount","status":"passed","title":"defaults to no sample and never creates a job on mount","duration":30.69954199999995,"failureMessages":[],"meta":{}},{"ancestorTitles":[],"fullName":"renders hostile cells as inert text with no executable elements or cell links","status":"passed","title":"renders hostile cells as inert text with no executable elements or cell links","duration":32.45754099999999,"failureMessages":[],"meta":{}},{"ancestorTitles":[],"fullName":"supports keyboard selection and updates whole-record budgets without trimming","status":"passed","title":"supports keyboard selection and updates whole-record budgets without trimming","duration":28.078874999999925,"failureMessages":[],"meta":{}},{"ancestorTitles":[],"fullName":"requires exact rights and permission before the sealed scan","status":"passed","title":"requires exact rights and permission before the sealed scan","duration":44.73633300000006,"failureMessages":[],"meta":{}},{"ancestorTitles":[],"fullName":"recovers an in-progress job after reload and allows cancellation","status":"passed","title":"recovers an in-progress job after reload and allows cancellation","duration":7.2024169999999685,"failureMessages":[],"meta":{}},{"ancestorTitles":[],"fullName":"announces errors, focuses the message and offers retry","status":"passed","title":"announces errors, focuses the message and offers retry","duration":14.370166000000154,"failureMessages":[],"meta":{}},{"ancestorTitles":[],"fullName":"shows local awaiting-backend state and key fingerprint on recovery","status":"passed","title":"shows local awaiting-backend state and key fingerprint on recovery","duration":5.14104199999997,"failureMessages":[],"meta":{}},{"ancestorTitles":[],"fullName":"reviews source, origin and fingerprint before signing, then records pending submission","status":"passed","title":"reviews source, origin and fingerprint before signing, then records pending submission","duration":25.94074999999998,"failureMessages":[],"meta":{}},{"ancestorTitles":[],"fullName":"offers a fresh build after an expired review without polling or reading rows","status":"passed","title":"offers a fresh build after an expired review without polling or reading rows","duration":857.0131670000001,"failureMessages":[],"meta":{}},{"ancestorTitles":[],"fullName":"keeps withdrawal retry available and hides preparation until retirement","status":"passed","title":"keeps withdrawal retry available and hides preparation until retirement","duration":11.7546669999997,"failureMessages":[],"meta":{}}],"startTime":1789657282726,"endTime":1789657283783.7546,"status":"passed","message":"","name":"/private/var/tmp/koskadeux/minimal-bridge-worktrees/25200cd439ec-9265fd/frontend/src/components/CommitmentPreviewBuilder.test.tsx"},{"assertionResults":[{"ancestorTitles":["DataVerificationFlow"],"fullName":"DataVerificationFlow displays the successful probe and quote before acknowledgements can be checked","status":"passed","title":"displays the successful probe and quote before acknowledgements can be checked","duration":178.07341699999995,"failureMessages":[],"meta":{}},{"ancestorTitles":["DataVerificationFlow"],"fullName":"DataVerificationFlow asks for a card only after the seller explicitly starts the paid verification","status":"passed","title":"asks for a card only after the seller explicitly starts the paid verification","duration":21.428499999999985,"failureMessages":[],"meta":{}},{"ancestorTitles":["DataVerificationFlow"],"fullName":"DataVerificationFlow reveals only captured findings and presents publish and decline as equal explicit choices","status":"passed","title":"reveals only captured findings and presents publish and decline as equal explicit choices","duration":18.471499999999878,"failureMessages":[],"meta":{}},{"ancestorTitles":["DataVerificationFlow"],"fullName":"DataVerificationFlow keeps the active badge during rerun and resets both acknowledgements","status":"passed","title":"keeps the active badge during rerun and resets both acknowledgements","duration":72.95337500000005,"failureMessages":[],"meta":{}},{"ancestorTitles":["DataVerificationFlow"],"fullName":"DataVerificationFlow renders every public fact and method from the complete shared report fixture","status":"passed","title":"renders every public fact and method from the complete shared report fixture","duration":9.435375000000022,"failureMessages":[],"meta":{}},{"ancestorTitles":["DataVerificationFlow"],"fullName":"DataVerificationFlow blocks publish when grounded interpretation text is unavailable and leaves decline enabled","status":"passed","title":"blocks publish when grounded interpretation text is unavailable and leaves decline enabled","duration":9.629208999999946,"failureMessages":[],"meta":{}},{"ancestorTitles":["DataVerificationFlow"],"fullName":"DataVerificationFlow renders only the fixed fingerprint notice when grounding is withheld","status":"passed","title":"renders only the fixed fingerprint notice when grounding is withheld","duration":9.273582999999917,"failureMessages":[],"meta":{}},{"ancestorTitles":["DataVerificationFlow"],"fullName":"DataVerificationFlow renders no artifact facts while capture is reconciling","status":"passed","title":"renders no artifact facts while capture is reconciling","duration":2.4818339999999353,"failureMessages":[],"meta":{}},{"ancestorTitles":["DataVerificationFlow"],"fullName":"DataVerificationFlow renders every low-occupancy sentinel as suppressed","status":"passed","title":"renders every low-occupancy sentinel as suppressed","duration":4.058749999999918,"failureMessages":[],"meta":{}},{"ancestorTitles":["DataVerificationFlow"],"fullName":"DataVerificationFlow renders the exact server-dated withdrawal marker","status":"passed","title":"renders the exact server-dated withdrawal marker","duration":2.169167000000016,"failureMessages":[],"meta":{}}],"startTime":1789657282724,"endTime":1789657283052.1692,"status":"passed","message":"","name":"/private/var/tmp/koskadeux/minimal-bridge-worktrees/25200cd439ec-9265fd/frontend/src/components/DataVerificationFlow.test.tsx"},{"assertionResults":[{"ancestorTitles":[],"fullName":"shows S3/R2 non-claim and offers only app-managed directory or export","status":"passed","title":"shows S3/R2 non-claim and offers only app-managed directory or export","duration":33.97412500000007,"failureMessages":[],"meta":{}},{"ancestorTitles":[],"fullName":"sends bounded destination choice and displays the exact path","status":"passed","title":"sends bounded destination choice and displays the exact path","duration":20.708832999999913,"failureMessages":[],"meta":{}},{"ancestorTitles":[],"fullName":"checks seller URL and displays GET and OPTIONS receipts","status":"passed","title":"checks seller URL and displays GET and OPTIONS receipts","duration":12.147584000000052,"failureMessages":[],"meta":{}},{"ancestorTitles":[],"fullName":"announces origin failure and keeps retry available","status":"passed","title":"announces origin failure and keeps retry available","duration":13.433332999999948,"failureMessages":[],"meta":{}},{"ancestorTitles":[],"fullName":"explains external retirement for exported package","status":"passed","title":"explains external retirement for exported package","duration":3.821374999999989,"failureMessages":[],"meta":{}}],"startTime":1789657282726,"endTime":1789657282809.8213,"status":"passed","message":"","name":"/private/var/tmp/koskadeux/minimal-bridge-worktrees/25200cd439ec-9265fd/frontend/src/components/PreviewOriginReview.test.tsx"},{"assertionResults":[{"ancestorTitles":[],"fullName":"refresh_single_flight_across_tabs","status":"failed","title":"refresh_single_flight_across_tabs","duration":2.744709000000057,"failureMessages":["TypeError: localStorage.clear is not a function\n    at /private/var/tmp/koskadeux/minimal-bridge-worktrees/25200cd439ec-9265fd/frontend/src/lib/aimMarketAuth.test.ts:8:16\n    at file:///private/var/tmp/koskadeux/minimal-bridge-worktrees/25200cd439ec-9265fd/frontend/node_modules/@vitest/runner/dist/chunk-hooks.js:155:11\n    at file:///private/var/tmp/koskadeux/minimal-bridge-worktrees/25200cd439ec-9265fd/frontend/node_modules/@vitest/runner/dist/chunk-hooks.js:1897:20\n    at new Promise (<anonymous>)\n    at runWithTimeout (file:///private/var/tmp/koskadeux/minimal-bridge-worktrees/25200cd439ec-9265fd/frontend/node_modules/@vitest/runner/dist/chunk-hooks.js:1863:10)\n    at runHook (file:///private/var/tmp/koskadeux/minimal-bridge-worktrees/25200cd439ec-9265fd/frontend/node_modules/@vitest/runner/dist/chunk-hooks.js:1436:51)\n    at callSuiteHook (file:///private/var/tmp/koskadeux/minimal-bridge-worktrees/25200cd439ec-9265fd/frontend/node_modules/@vitest/runner/dist/chunk-hooks.js:1442:25)\n    at runTest (file:///private/var/tmp/koskadeux/minimal-bridge-worktrees/25200cd439ec-9265fd/frontend/node_modules/@vitest/runner/dist/chunk-hooks.js:1566:32)\n    at processTicksAndRejections (node:internal/process/task_queues:103:5)\n    at runSuite (file:///private/var/tmp/koskadeux/minimal-bridge-worktrees/25200cd439ec-9265fd/frontend/node_modules/@vitest/runner/dist/chunk-hooks.js:1729:8)"],"meta":{}},{"ancestorTitles":[],"fullName":"mode_legacy_account_switch_and_logout","status":"failed","title":"mode_legacy_account_switch_and_logout","duration":0.19345799999996416,"failureMessages":["TypeError: localStorage.clear is not a function\n    at /private/var/tmp/koskadeux/minimal-bridge-worktrees/25200cd439ec-9265fd/frontend/src/lib/aimMarketAuth.test.ts:8:16\n    at file:///private/var/tmp/koskadeux/minimal-bridge-worktrees/25200cd439ec-9265fd/frontend/node_modules/@vitest/runner/dist/chunk-hooks.js:155:11\n    at file:///private/var/tmp/koskadeux/minimal-bridge-worktrees/25200cd439ec-9265fd/frontend/node_modules/@vitest/runner/dist/chunk-hooks.js:1897:20\n    at new Promise (<anonymous>)\n    at runWithTimeout (file:///private/var/tmp/koskadeux/minimal-bridge-worktrees/25200cd439ec-9265fd/frontend/node_modules/@vitest/runner/dist/chunk-hooks.js:1863:10)\n    at runHook (file:///private/var/tmp/koskadeux/minimal-bridge-worktrees/25200cd439ec-9265fd/frontend/node_modules/@vitest/runner/dist/chunk-hooks.js:1436:51)\n    at callSuiteHook (file:///private/var/tmp/koskadeux/minimal-bridge-worktrees/25200cd439ec-9265fd/frontend/node_modules/@vitest/runner/dist/chunk-hooks.js:1442:25)\n    at runTest (file:///private/var/tmp/koskadeux/minimal-bridge-worktrees/25200cd439ec-9265fd/frontend/node_modules/@vitest/runner/dist/chunk-hooks.js:1566:32)\n    at processTicksAndRejections (node:internal/process/task_queues:103:5)\n    at runSuite (file:///private/var/tmp/koskadeux/minimal-bridge-worktrees/25200cd439ec-9265fd/frontend/node_modules/@vitest/runner/dist/chunk-hooks.js:1729:8)"],"meta":{}},{"ancestorTitles":[],"fullName":"transient_refresh_does_not_clear_auth (429)","status":"failed","title":"transient_refresh_does_not_clear_auth (429)","duration":0.11308299999996052,"failureMessages":["TypeError: localStorage.clear is not a function\n    at /private/var/tmp/koskadeux/minimal-bridge-worktrees/25200cd439ec-9265fd/frontend/src/lib/aimMarketAuth.test.ts:8:16\n    at file:///private/var/tmp/koskadeux/minimal-bridge-worktrees/25200cd439ec-9265fd/frontend/node_modules/@vitest/runner/dist/chunk-hooks.js:155:11\n    at file:///private/var/tmp/koskadeux/minimal-bridge-worktrees/25200cd439ec-9265fd/frontend/node_modules/@vitest/runner/dist/chunk-hooks.js:1897:20\n    at new Promise (<anonymous>)\n    at runWithTimeout (file:///private/var/tmp/koskadeux/minimal-bridge-worktrees/25200cd439ec-9265fd/frontend/node_modules/@vitest/runner/dist/chunk-hooks.js:1863:10)\n    at runHook (file:///private/var/tmp/koskadeux/minimal-bridge-worktrees/25200cd439ec-9265fd/frontend/node_modules/@vitest/runner/dist/chunk-hooks.js:1436:51)\n    at callSuiteHook (file:///private/var/tmp/koskadeux/minimal-bridge-worktrees/25200cd439ec-9265fd/frontend/node_modules/@vitest/runner/dist/chunk-hooks.js:1442:25)\n    at runTest (file:///private/var/tmp/koskadeux/minimal-bridge-worktrees/25200cd439ec-9265fd/frontend/node_modules/@vitest/runner/dist/chunk-hooks.js:1566:32)\n    at processTicksAndRejections (node:internal/process/task_queues:103:5)\n    at runSuite (file:///private/var/tmp/koskadeux/minimal-bridge-worktrees/25200cd439ec-9265fd/frontend/node_modules/@vitest/runner/dist/chunk-hooks.js:1729:8)"],"meta":{}},{"ancestorTitles":[],"fullName":"transient_refresh_does_not_clear_auth (502)","status":"failed","title":"transient_refresh_does_not_clear_auth (502)","duration":0.10729200000002947,"failureMessages":["TypeError: localStorage.clear is not a function\n    at /private/var/tmp/koskadeux/minimal-bridge-worktrees/25200cd439ec-9265fd/frontend/src/lib/aimMarketAuth.test.ts:8:16\n    at file:///private/var/tmp/koskadeux/minimal-bridge-worktrees/25200cd439ec-9265fd/frontend/node_modules/@vitest/runner/dist/chunk-hooks.js:155:11\n    at file:///private/var/tmp/koskadeux/minimal-bridge-worktrees/25200cd439ec-9265fd/frontend/node_modules/@vitest/runner/dist/chunk-hooks.js:1897:20\n    at new Promise (<anonymous>)\n    at runWithTimeout (file:///private/var/tmp/koskadeux/minimal-bridge-worktrees/25200cd439ec-9265fd/frontend/node_modules/@vitest/runner/dist/chunk-hooks.js:1863:10)\n    at runHook (file:///private/var/tmp/koskadeux/minimal-bridge-worktrees/25200cd439ec-9265fd/frontend/node_modules/@vitest/runner/dist/chunk-hooks.js:1436:51)\n    at callSuiteHook (file:///private/var/tmp/koskadeux/minimal-bridge-worktrees/25200cd439ec-9265fd/frontend/node_modules/@vitest/runner/dist/chunk-hooks.js:1442:25)\n    at runTest (file:///private/var/tmp/koskadeux/minimal-bridge-worktrees/25200cd439ec-9265fd/frontend/node_modules/@vitest/runner/dist/chunk-hooks.js:1566:32)\n    at processTicksAndRejections (node:internal/process/task_queues:103:5)\n    at runSuite (file:///private/var/tmp/koskadeux/minimal-bridge-worktrees/25200cd439ec-9265fd/frontend/node_modules/@vitest/runner/dist/chunk-hooks.js:1729:8)"],"meta":{}},{"ancestorTitles":[],"fullName":"transient_refresh_does_not_clear_auth (503)","status":"failed","title":"transient_refresh_does_not_clear_auth (503)","duration":0.1175829999999678,"failureMessages":["TypeError: localStorage.clear is not a function\n    at /private/var/tmp/koskadeux/minimal-bridge-worktrees/25200cd439ec-9265fd/frontend/src/lib/aimMarketAuth.test.ts:8:16\n    at file:///private/var/tmp/koskadeux/minimal-bridge-worktrees/25200cd439ec-9265fd/frontend/node_modules/@vitest/runner/dist/chunk-hooks.js:155:11\n    at file:///private/var/tmp/koskadeux/minimal-bridge-worktrees/25200cd439ec-9265fd/frontend/node_modules/@vitest/runner/dist/chunk-hooks.js:1897:20\n    at new Promise (<anonymous>)\n    at runWithTimeout (file:///private/var/tmp/koskadeux/minimal-bridge-worktrees/25200cd439ec-9265fd/frontend/node_modules/@vitest/runner/dist/chunk-hooks.js:1863:10)\n    at runHook (file:///private/var/tmp/koskadeux/minimal-bridge-worktrees/25200cd439ec-9265fd/frontend/node_modules/@vitest/runner/dist/chunk-hooks.js:1436:51)\n    at callSuiteHook (file:///private/var/tmp/koskadeux/minimal-bridge-worktrees/25200cd439ec-9265fd/frontend/node_modules/@vitest/runner/dist/chunk-hooks.js:1442:25)\n    at runTest (file:///private/var/tmp/koskadeux/minimal-bridge-worktrees/25200cd439ec-9265fd/frontend/node_modules/@vitest/runner/dist/chunk-hooks.js:1566:32)\n    at processTicksAndRejections (node:internal/process/task_queues:103:5)\n    at runSuite (file:///private/var/tmp/koskadeux/minimal-bridge-worktrees/25200cd439ec-9265fd/frontend/node_modules/@vitest/runner/dist/chunk-hooks.js:1729:8)"],"meta":{}},{"ancestorTitles":[],"fullName":"transient_refresh_does_not_clear_auth (504)","status":"failed","title":"transient_refresh_does_not_clear_auth (504)","duration":0.08454200000005585,"failureMessages":["TypeError: localStorage.clear is not a function\n    at /private/var/tmp/koskadeux/minimal-bridge-worktrees/25200cd439ec-9265fd/frontend/src/lib/aimMarketAuth.test.ts:8:16\n    at file:///private/var/tmp/koskadeux/minimal-bridge-worktrees/25200cd439ec-9265fd/frontend/node_modules/@vitest/runner/dist/chunk-hooks.js:155:11\n    at file:///private/var/tmp/koskadeux/minimal-bridge-worktrees/25200cd439ec-9265fd/frontend/node_modules/@vitest/runner/dist/chunk-hooks.js:1897:20\n    at new Promise (<anonymous>)\n    at runWithTimeout (file:///private/var/tmp/koskadeux/minimal-bridge-worktrees/25200cd439ec-9265fd/frontend/node_modules/@vitest/runner/dist/chunk-hooks.js:1863:10)\n    at runHook (file:///private/var/tmp/koskadeux/minimal-bridge-worktrees/25200cd439ec-9265fd/frontend/node_modules/@vitest/runner/dist/chunk-hooks.js:1436:51)\n    at callSuiteHook (file:///private/var/tmp/koskadeux/minimal-bridge-worktrees/25200cd439ec-9265fd/frontend/node_modules/@vitest/runner/dist/chunk-hooks.js:1442:25)\n    at runTest (file:///private/var/tmp/koskadeux/minimal-bridge-worktrees/25200cd439ec-9265fd/frontend/node_modules/@vitest/runner/dist/chunk-hooks.js:1566:32)\n    at processTicksAndRejections (node:internal/process/task_queues:103:5)\n    at runSuite (file:///private/var/tmp/koskadeux/minimal-bridge-worktrees/25200cd439ec-9265fd/frontend/node_modules/@vitest/runner/dist/chunk-hooks.js:1729:8)"],"meta":{}},{"ancestorTitles":[],"fullName":"transient_refresh_does_not_clear_auth (network)","status":"failed","title":"transient_refresh_does_not_clear_auth (network)","duration":0.11941600000000108,"failureMessages":["TypeError: localStorage.clear is not a function\n    at /private/var/tmp/koskadeux/minimal-bridge-worktrees/25200cd439ec-9265fd/frontend/src/lib/aimMarketAuth.test.ts:8:16\n    at file:///private/var/tmp/koskadeux/minimal-bridge-worktrees/25200cd439ec-9265fd/frontend/node_modules/@vitest/runner/dist/chunk-hooks.js:155:11\n    at file:///private/var/tmp/koskadeux/minimal-bridge-worktrees/25200cd439ec-9265fd/frontend/node_modules/@vitest/runner/dist/chunk-hooks.js:1897:20\n    at new Promise (<anonymous>)\n    at runWithTimeout (file:///private/var/tmp/koskadeux/minimal-bridge-worktrees/25200cd439ec-9265fd/frontend/node_modules/@vitest/runner/dist/chunk-hooks.js:1863:10)\n    at runHook (file:///private/var/tmp/koskadeux/minimal-bridge-worktrees/25200cd439ec-9265fd/frontend/node_modules/@vitest/runner/dist/chunk-hooks.js:1436:51)\n    at callSuiteHook (file:///private/var/tmp/koskadeux/minimal-bridge-worktrees/25200cd439ec-9265fd/frontend/node_modules/@vitest/runner/dist/chunk-hooks.js:1442:25)\n    at runTest (file:///private/var/tmp/koskadeux/minimal-bridge-worktrees/25200cd439ec-9265fd/frontend/node_modules/@vitest/runner/dist/chunk-hooks.js:1566:32)\n    at processTicksAndRejections (node:internal/process/task_queues:103:5)\n    at runSuite (file:///private/var/tmp/koskadeux/minimal-bridge-worktrees/25200cd439ec-9265fd/frontend/node_modules/@vitest/runner/dist/chunk-hooks.js:1729:8)"],"meta":{}},{"ancestorTitles":[],"fullName":"terminal refresh clears auth (401)","status":"failed","title":"terminal refresh clears auth (401)","duration":0.09170800000003965,"failureMessages":["TypeError: localStorage.clear is not a function\n    at /private/var/tmp/koskadeux/minimal-bridge-worktrees/25200cd439ec-9265fd/frontend/src/lib/aimMarketAuth.test.ts:8:16\n    at file:///private/var/tmp/koskadeux/minimal-bridge-worktrees/25200cd439ec-9265fd/frontend/node_modules/@vitest/runner/dist/chunk-hooks.js:155:11\n    at file:///private/var/tmp/koskadeux/minimal-bridge-worktrees/25200cd439ec-9265fd/frontend/node_modules/@vitest/runner/dist/chunk-hooks.js:1897:20\n    at new Promise (<anonymous>)\n    at runWithTimeout (file:///private/var/tmp/koskadeux/minimal-bridge-worktrees/25200cd439ec-9265fd/frontend/node_modules/@vitest/runner/dist/chunk-hooks.js:1863:10)\n    at runHook (file:///private/var/tmp/koskadeux/minimal-bridge-worktrees/25200cd439ec-9265fd/frontend/node_modules/@vitest/runner/dist/chunk-hooks.js:1436:51)\n    at callSuiteHook (file:///private/var/tmp/koskadeux/minimal-bridge-worktrees/25200cd439ec-9265fd/frontend/node_modules/@vitest/runner/dist/chunk-hooks.js:1442:25)\n    at runTest (file:///private/var/tmp/koskadeux/minimal-bridge-worktrees/25200cd439ec-9265fd/frontend/node_modules/@vitest/runner/dist/chunk-hooks.js:1566:32)\n    at processTicksAndRejections (node:internal/process/task_queues:103:5)\n    at runSuite (file:///private/var/tmp/koskadeux/minimal-bridge-worktrees/25200cd439ec-9265fd/frontend/node_modules/@vitest/runner/dist/chunk-hooks.js:1729:8)"],"meta":{}},{"ancestorTitles":[],"fullName":"terminal refresh clears auth (403)","status":"failed","title":"terminal refresh clears auth (403)","duration":0.09545900000000529,"failureMessages":["TypeError: localStorage.clear is not a function\n    at /private/var/tmp/koskadeux/minimal-bridge-worktrees/25200cd439ec-9265fd/frontend/src/lib/aimMarketAuth.test.ts:8:16\n    at file:///private/var/tmp/koskadeux/minimal-bridge-worktrees/25200cd439ec-9265fd/frontend/node_modules/@vitest/runner/dist/chunk-hooks.js:155:11\n    at file:///private/var/tmp/koskadeux/minimal-bridge-worktrees/25200cd439ec-9265fd/frontend/node_modules/@vitest/runner/dist/chunk-hooks.js:1897:20\n    at new Promise (<anonymous>)\n    at runWithTimeout (file:///private/var/tmp/koskadeux/minimal-bridge-worktrees/25200cd439ec-9265fd/frontend/node_modules/@vitest/runner/dist/chunk-hooks.js:1863:10)\n    at runHook (file:///private/var/tmp/koskadeux/minimal-bridge-worktrees/25200cd439ec-9265fd/frontend/node_modules/@vitest/runner/dist/chunk-hooks.js:1436:51)\n    at callSuiteHook (file:///private/var/tmp/koskadeux/minimal-bridge-worktrees/25200cd439ec-9265fd/frontend/node_modules/@vitest/runner/dist/chunk-hooks.js:1442:25)\n    at runTest (file:///private/var/tmp/koskadeux/minimal-bridge-worktrees/25200cd439ec-9265fd/frontend/node_modules/@vitest/runner/dist/chunk-hooks.js:1566:32)\n    at processTicksAndRejections (node:internal/process/task_queues:103:5)\n    at runSuite (file:///private/var/tmp/koskadeux/minimal-bridge-worktrees/25200cd439ec-9265fd/frontend/node_modules/@vitest/runner/dist/chunk-hooks.js:1729:8)"],"meta":{}},{"ancestorTitles":[],"fullName":"logout or account switch during refresh cannot restore the old session","status":"failed","title":"logout or account switch during refresh cannot restore the old session","duration":0.10837500000002365,"failureMessages":["TypeError: localStorage.clear is not a function\n    at /private/var/tmp/koskadeux/minimal-bridge-worktrees/25200cd439ec-9265fd/frontend/src/lib/aimMarketAuth.test.ts:8:16\n    at file:///private/var/tmp/koskadeux/minimal-bridge-worktrees/25200cd439ec-9265fd/frontend/node_modules/@vitest/runner/dist/chunk-hooks.js:155:11\n    at file:///private/var/tmp/koskadeux/minimal-bridge-worktrees/25200cd439ec-9265fd/frontend/node_modules/@vitest/runner/dist/chunk-hooks.js:1897:20\n    at new Promise (<anonymous>)\n    at runWithTimeout (file:///private/var/tmp/koskadeux/minimal-bridge-worktrees/25200cd439ec-9265fd/frontend/node_modules/@vitest/runner/dist/chunk-hooks.js:1863:10)\n    at runHook (file:///private/var/tmp/koskadeux/minimal-bridge-worktrees/25200cd439ec-9265fd/frontend/node_modules/@vitest/runner/dist/chunk-hooks.js:1436:51)\n    at callSuiteHook (file:///private/var/tmp/koskadeux/minimal-bridge-worktrees/25200cd439ec-9265fd/frontend/node_modules/@vitest/runner/dist/chunk-hooks.js:1442:25)\n    at runTest (file:///private/var/tmp/koskadeux/minimal-bridge-worktrees/25200cd439ec-9265fd/frontend/node_modules/@vitest/runner/dist/chunk-hooks.js:1566:32)\n    at processTicksAndRejections (node:internal/process/task_queues:103:5)\n    at runSuite (file:///private/var/tmp/koskadeux/minimal-bridge-worktrees/25200cd439ec-9265fd/frontend/node_modules/@vitest/runner/dist/chunk-hooks.js:1729:8)"],"meta":{}},{"ancestorTitles":[],"fullName":"no_credentials_in_navigation","status":"failed","title":"no_credentials_in_navigation","duration":0.10470799999995961,"failureMessages":["TypeError: localStorage.clear is not a function\n    at /private/var/tmp/koskadeux/minimal-bridge-worktrees/25200cd439ec-9265fd/frontend/src/lib/aimMarketAuth.test.ts:8:16\n    at file:///private/var/tmp/koskadeux/minimal-bridge-worktrees/25200cd439ec-9265fd/frontend/node_modules/@vitest/runner/dist/chunk-hooks.js:155:11\n    at file:///private/var/tmp/koskadeux/minimal-bridge-worktrees/25200cd439ec-9265fd/frontend/node_modules/@vitest/runner/dist/chunk-hooks.js:1897:20\n    at new Promise (<anonymous>)\n    at runWithTimeout (file:///private/var/tmp/koskadeux/minimal-bridge-worktrees/25200cd439ec-9265fd/frontend/node_modules/@vitest/runner/dist/chunk-hooks.js:1863:10)\n    at runHook (file:///private/var/tmp/koskadeux/minimal-bridge-worktrees/25200cd439ec-9265fd/frontend/node_modules/@vitest/runner/dist/chunk-hooks.js:1436:51)\n    at callSuiteHook (file:///private/var/tmp/koskadeux/minimal-bridge-worktrees/25200cd439ec-9265fd/frontend/node_modules/@vitest/runner/dist/chunk-hooks.js:1442:25)\n    at runTest (file:///private/var/tmp/koskadeux/minimal-bridge-worktrees/25200cd439ec-9265fd/frontend/node_modules/@vitest/runner/dist/chunk-hooks.js:1566:32)\n    at processTicksAndRejections (node:internal/process/task_queues:103:5)\n    at runSuite (file:///private/var/tmp/koskadeux/minimal-bridge-worktrees/25200cd439ec-9265fd/frontend/node_modules/@vitest/runner/dist/chunk-hooks.js:1729:8)"],"meta":{}},{"ancestorTitles":[],"fullName":"legacy refresh explicitly uses password mode","status":"failed","title":"legacy refresh explicitly uses password mode","duration":0.09275000000002365,"failureMessages":["TypeError: localStorage.clear is not a function\n    at /private/var/tmp/koskadeux/minimal-bridge-worktrees/25200cd439ec-9265fd/frontend/src/lib/aimMarketAuth.test.ts:8:16\n    at file:///private/var/tmp/koskadeux/minimal-bridge-worktrees/25200cd439ec-9265fd/frontend/node_modules/@vitest/runner/dist/chunk-hooks.js:155:11\n    at file:///private/var/tmp/koskadeux/minimal-bridge-worktrees/25200cd439ec-9265fd/frontend/node_modules/@vitest/runner/dist/chunk-hooks.js:1897:20\n    at new Promise (<anonymous>)\n    at runWithTimeout (file:///private/var/tmp/koskadeux/minimal-bridge-worktrees/25200cd439ec-9265fd/frontend/node_modules/@vitest/runner/dist/chunk-hooks.js:1863:10)\n    at runHook (file:///private/var/tmp/koskadeux/minimal-bridge-worktrees/25200cd439ec-9265fd/frontend/node_modules/@vitest/runner/dist/chunk-hooks.js:1436:51)\n    at callSuiteHook (file:///private/var/tmp/koskadeux/minimal-bridge-worktrees/25200cd439ec-9265fd/frontend/node_modules/@vitest/runner/dist/chunk-hooks.js:1442:25)\n    at runTest (file:///private/var/tmp/koskadeux/minimal-bridge-worktrees/25200cd439ec-9265fd/frontend/node_modules/@vitest/runner/dist/chunk-hooks.js:1566:32)\n    at processTicksAndRejections (node:internal/process/task_queues:103:5)\n    at runSuite (file:///private/var/tmp/koskadeux/minimal-bridge-worktrees/25200cd439ec-9265fd/frontend/node_modules/@vitest/runner/dist/chunk-hooks.js:1729:8)"],"meta":{}},{"ancestorTitles":[],"fullName":"unavailable coordination fails closed without a refresh transport","status":"failed","title":"unavailable coordination fails closed without a refresh transport","duration":0.07391599999994014,"failureMessages":["TypeError: localStorage.clear is not a function\n    at /private/var/tmp/koskadeux/minimal-bridge-worktrees/25200cd439ec-9265fd/frontend/src/lib/aimMarketAuth.test.ts:8:16\n    at file:///private/var/tmp/koskadeux/minimal-bridge-worktrees/25200cd439ec-9265fd/frontend/node_modules/@vitest/runner/dist/chunk-hooks.js:155:11\n    at file:///private/var/tmp/koskadeux/minimal-bridge-worktrees/25200cd439ec-9265fd/frontend/node_modules/@vitest/runner/dist/chunk-hooks.js:1897:20\n    at new Promise (<anonymous>)\n    at runWithTimeout (file:///private/var/tmp/koskadeux/minimal-bridge-worktrees/25200cd439ec-9265fd/frontend/node_modules/@vitest/runner/dist/chunk-hooks.js:1863:10)\n    at runHook (file:///private/var/tmp/koskadeux/minimal-bridge-worktrees/25200cd439ec-9265fd/frontend/node_modules/@vitest/runner/dist/chunk-hooks.js:1436:51)\n    at callSuiteHook (file:///private/var/tmp/koskadeux/minimal-bridge-worktrees/25200cd439ec-9265fd/frontend/node_modules/@vitest/runner/dist/chunk-hooks.js:1442:25)\n    at runTest (file:///private/var/tmp/koskadeux/minimal-bridge-worktrees/25200cd439ec-9265fd/frontend/node_modules/@vitest/runner/dist/chunk-hooks.js:1566:32)\n    at processTicksAndRejections (node:internal/process/task_queues:103:5)\n    at runSuite (file:///private/var/tmp/koskadeux/minimal-bridge-worktrees/25200cd439ec-9265fd/frontend/node_modules/@vitest/runner/dist/chunk-hooks.js:1729:8)"],"meta":{}},{"ancestorTitles":[],"fullName":"serial fallback queues independent tabs and stores no lock values","status":"failed","title":"serial fallback queues independent tabs and stores no lock values","duration":0.07408299999997325,"failureMessages":["TypeError: localStorage.clear is not a function\n    at /private/var/tmp/koskadeux/minimal-bridge-worktrees/25200cd439ec-9265fd/frontend/src/lib/aimMarketAuth.test.ts:8:16\n    at file:///private/var/tmp/koskadeux/minimal-bridge-worktrees/25200cd439ec-9265fd/frontend/node_modules/@vitest/runner/dist/chunk-hooks.js:155:11\n    at file:///private/var/tmp/koskadeux/minimal-bridge-worktrees/25200cd439ec-9265fd/frontend/node_modules/@vitest/runner/dist/chunk-hooks.js:1897:20\n    at new Promise (<anonymous>)\n    at runWithTimeout (file:///private/var/tmp/koskadeux/minimal-bridge-worktrees/25200cd439ec-9265fd/frontend/node_modules/@vitest/runner/dist/chunk-hooks.js:1863:10)\n    at runHook (file:///private/var/tmp/koskadeux/minimal-bridge-worktrees/25200cd439ec-9265fd/frontend/node_modules/@vitest/runner/dist/chunk-hooks.js:1436:51)\n    at callSuiteHook (file:///private/var/tmp/koskadeux/minimal-bridge-worktrees/25200cd439ec-9265fd/frontend/node_modules/@vitest/runner/dist/chunk-hooks.js:1442:25)\n    at runTest (file:///private/var/tmp/koskadeux/minimal-bridge-worktrees/25200cd439ec-9265fd/frontend/node_modules/@vitest/runner/dist/chunk-hooks.js:1566:32)\n    at processTicksAndRejections (node:internal/process/task_queues:103:5)\n    at runSuite (file:///private/var/tmp/koskadeux/minimal-bridge-worktrees/25200cd439ec-9265fd/frontend/node_modules/@vitest/runner/dist/chunk-hooks.js:1729:8)"],"meta":{}},{"ancestorTitles":[],"fullName":"startAuth preserves nonce with provider google","status":"failed","title":"startAuth preserves nonce with provider google","duration":0.07887499999992542,"failureMessages":["TypeError: localStorage.clear is not a function\n    at /private/var/tmp/koskadeux/minimal-bridge-worktrees/25200cd439ec-9265fd/frontend/src/lib/aimMarketAuth.test.ts:8:16\n    at file:///private/var/tmp/koskadeux/minimal-bridge-worktrees/25200cd439ec-9265fd/frontend/node_modules/@vitest/runner/dist/chunk-hooks.js:155:11\n    at file:///private/var/tmp/koskadeux/minimal-bridge-worktrees/25200cd439ec-9265fd/frontend/node_modules/@vitest/runner/dist/chunk-hooks.js:1897:20\n    at new Promise (<anonymous>)\n    at runWithTimeout (file:///private/var/tmp/koskadeux/minimal-bridge-worktrees/25200cd439ec-9265fd/frontend/node_modules/@vitest/runner/dist/chunk-hooks.js:1863:10)\n    at runHook (file:///private/var/tmp/koskadeux/minimal-bridge-worktrees/25200cd439ec-9265fd/frontend/node_modules/@vitest/runner/dist/chunk-hooks.js:1436:51)\n    at callSuiteHook (file:///private/var/tmp/koskadeux/minimal-bridge-worktrees/25200cd439ec-9265fd/frontend/node_modules/@vitest/runner/dist/chunk-hooks.js:1442:25)\n    at runTest (file:///private/var/tmp/koskadeux/minimal-bridge-worktrees/25200cd439ec-9265fd/frontend/node_modules/@vitest/runner/dist/chunk-hooks.js:1566:32)\n    at processTicksAndRejections (node:internal/process/task_queues:103:5)\n    at runSuite (file:///private/var/tmp/koskadeux/minimal-bridge-worktrees/25200cd439ec-9265fd/frontend/node_modules/@vitest/runner/dist/chunk-hooks.js:1729:8)"],"meta":{}},{"ancestorTitles":[],"fullName":"startAuth preserves nonce with provider github","status":"failed","title":"startAuth preserves nonce with provider github","duration":0.06833300000005238,"failureMessages":["TypeError: localStorage.clear is not a function\n    at /private/var/tmp/koskadeux/minimal-bridge-worktrees/25200cd439ec-9265fd/frontend/src/lib/aimMarketAuth.test.ts:8:16\n    at file:///private/var/tmp/koskadeux/minimal-bridge-worktrees/25200cd439ec-9265fd/frontend/node_modules/@vitest/runner/dist/chunk-hooks.js:155:11\n    at file:///private/var/tmp/koskadeux/minimal-bridge-worktrees/25200cd439ec-9265fd/frontend/node_modules/@vitest/runner/dist/chunk-hooks.js:1897:20\n    at new Promise (<anonymous>)\n    at runWithTimeout (file:///private/var/tmp/koskadeux/minimal-bridge-worktrees/25200cd439ec-9265fd/frontend/node_modules/@vitest/runner/dist/chunk-hooks.js:1863:10)\n    at runHook (file:///private/var/tmp/koskadeux/minimal-bridge-worktrees/25200cd439ec-9265fd/frontend/node_modules/@vitest/runner/dist/chunk-hooks.js:1436:51)\n    at callSuiteHook (file:///private/var/tmp/koskadeux/minimal-bridge-worktrees/25200cd439ec-9265fd/frontend/node_modules/@vitest/runner/dist/chunk-hooks.js:1442:25)\n    at runTest (file:///private/var/tmp/koskadeux/minimal-bridge-worktrees/25200cd439ec-9265fd/frontend/node_modules/@vitest/runner/dist/chunk-hooks.js:1566:32)\n    at processTicksAndRejections (node:internal/process/task_queues:103:5)\n    at runSuite (file:///private/var/tmp/koskadeux/minimal-bridge-worktrees/25200cd439ec-9265fd/frontend/node_modules/@vitest/runner/dist/chunk-hooks.js:1729:8)"],"meta":{}},{"ancestorTitles":[],"fullName":"startAuth preserves nonce with provider undefined","status":"failed","title":"startAuth preserves nonce with provider undefined","duration":0.07320800000002237,"failureMessages":["TypeError: localStorage.clear is not a function\n    at /private/var/tmp/koskadeux/minimal-bridge-worktrees/25200cd439ec-9265fd/frontend/src/lib/aimMarketAuth.test.ts:8:16\n    at file:///private/var/tmp/koskadeux/minimal-bridge-worktrees/25200cd439ec-9265fd/frontend/node_modules/@vitest/runner/dist/chunk-hooks.js:155:11\n    at file:///private/var/tmp/koskadeux/minimal-bridge-worktrees/25200cd439ec-9265fd/frontend/node_modules/@vitest/runner/dist/chunk-hooks.js:1897:20\n    at new Promise (<anonymous>)\n    at runWithTimeout (file:///private/var/tmp/koskadeux/minimal-bridge-worktrees/25200cd439ec-9265fd/frontend/node_modules/@vitest/runner/dist/chunk-hooks.js:1863:10)\n    at runHook (file:///private/var/tmp/koskadeux/minimal-bridge-worktrees/25200cd439ec-9265fd/frontend/node_modules/@vitest/runner/dist/chunk-hooks.js:1436:51)\n    at callSuiteHook (file:///private/var/tmp/koskadeux/minimal-bridge-worktrees/25200cd439ec-9265fd/frontend/node_modules/@vitest/runner/dist/chunk-hooks.js:1442:25)\n    at runTest (file:///private/var/tmp/koskadeux/minimal-bridge-worktrees/25200cd439ec-9265fd/frontend/node_modules/@vitest/runner/dist/chunk-hooks.js:1566:32)\n    at processTicksAndRejections (node:internal/process/task_queues:103:5)\n    at runSuite (file:///private/var/tmp/koskadeux/minimal-bridge-worktrees/25200cd439ec-9265fd/frontend/node_modules/@vitest/runner/dist/chunk-hooks.js:1729:8)"],"meta":{}}],"startTime":1789657282585,"endTime":1789657282589.1047,"status":"failed","message":"","name":"/private/var/tmp/koskadeux/minimal-bridge-worktrees/25200cd439ec-9265fd/frontend/src/lib/aimMarketAuth.test.ts"},{"assertionResults":[{"ancestorTitles":["disclosure payload builder"],"fullName":"disclosure payload builder maps approved metadata to approved_fields","status":"passed","title":"maps approved metadata to approved_fields","duration":1.6572080000000824,"failureMessages":[],"meta":{}},{"ancestorTitles":["disclosure payload builder"],"fullName":"disclosure payload builder serializes the exact no-sample request with schema.columns","status":"passed","title":"serializes the exact no-sample request with schema.columns","duration":0.8083329999999478,"failureMessages":[],"meta":{}},{"ancestorTitles":["disclosure payload builder"],"fullName":"disclosure payload builder rejects legacy row approval before any outbound request","status":"passed","title":"rejects legacy row approval before any outbound request","duration":0.5153749999999491,"failureMessages":[],"meta":{}},{"ancestorTitles":["disclosure payload builder"],"fullName":"disclosure payload builder surfaces a deterministic 422 as a plain-English rejection","status":"passed","title":"surfaces a deterministic 422 as a plain-English rejection","duration":0.9045419999999922,"failureMessages":[],"meta":{}},{"ancestorTitles":["disclosure payload builder"],"fullName":"disclosure payload builder classifies a 422 validation response as a non-retryable rejection","status":"passed","title":"classifies a 422 validation response as a non-retryable rejection","duration":0.1975000000001046,"failureMessages":[],"meta":{}},{"ancestorTitles":["disclosure payload builder"],"fullName":"disclosure payload builder classifies HTTP 502 as a pending snapshot","status":"passed","title":"classifies HTTP 502 as a pending snapshot","duration":0.15754100000003746,"failureMessages":[],"meta":{}},{"ancestorTitles":["disclosure payload builder"],"fullName":"disclosure payload builder classifies HTTP 504 as a pending snapshot","status":"passed","title":"classifies HTTP 504 as a pending snapshot","duration":0.10445800000002237,"failureMessages":[],"meta":{}},{"ancestorTitles":["disclosure payload builder"],"fullName":"disclosure payload builder classifies an indeterminate audit result as disclosure unknown","status":"passed","title":"classifies an indeterminate audit result as disclosure unknown","duration":0.10895800000002964,"failureMessages":[],"meta":{}},{"ancestorTitles":["disclosure payload builder"],"fullName":"disclosure payload builder fails caps without projecting or trimming selected records","status":"passed","title":"fails caps without projecting or trimming selected records","duration":0.4362499999999727,"failureMessages":[],"meta":{}},{"ancestorTitles":["disclosure payload builder"],"fullName":"disclosure payload builder requires final confirmation before building acked payload","status":"passed","title":"requires final confirmation before building acked payload","duration":0.23891600000001745,"failureMessages":[],"meta":{}}],"startTime":1789657282659,"endTime":1789657282664.239,"status":"passed","message":"","name":"/private/var/tmp/koskadeux/minimal-bridge-worktrees/25200cd439ec-9265fd/frontend/src/lib/disclosure.test.ts"},{"assertionResults":[{"ancestorTitles":["formatErrorDetail"],"fullName":"formatErrorDetail returns a string message for a FastAPI 422 detail array (the React #31 crash case)","status":"passed","title":"returns a string message for a FastAPI 422 detail array (the React #31 crash case)","duration":0.6525420000000395,"failureMessages":[],"meta":{}},{"ancestorTitles":["formatErrorDetail"],"fullName":"formatErrorDetail passes through a plain string detail","status":"passed","title":"passes through a plain string detail","duration":0.06958300000007966,"failureMessages":[],"meta":{}},{"ancestorTitles":["formatErrorDetail"],"fullName":"formatErrorDetail uses the fallback for null/empty","status":"passed","title":"uses the fallback for null/empty","duration":0.07579199999997854,"failureMessages":[],"meta":{}},{"ancestorTitles":["formatErrorDetail"],"fullName":"formatErrorDetail extracts msg from a single error object","status":"passed","title":"extracts msg from a single error object","duration":0.06766700000002857,"failureMessages":[],"meta":{}}],"startTime":1789657282658,"endTime":1789657282659.0757,"status":"passed","message":"","name":"/private/var/tmp/koskadeux/minimal-bridge-worktrees/25200cd439ec-9265fd/frontend/src/lib/format-error.test.ts"},{"assertionResults":[{"ancestorTitles":["CoPilotProvider unread messages"],"fullName":"CoPilotProvider unread messages queues the CONNECTED welcome without opening and clears unread when opened","status":"passed","title":"queues the CONNECTED welcome without opening and clears unread when opened","duration":21.03066700000022,"failureMessages":[],"meta":{}}],"startTime":1789657282792,"endTime":1789657282813.0308,"status":"passed","message":"","name":"/private/var/tmp/koskadeux/minimal-bridge-worktrees/25200cd439ec-9265fd/frontend/src/contexts/CoPilotContext.test.tsx"},{"assertionResults":[{"ancestorTitles":["seller listing preparation"],"fullName":"seller listing preparation enables metadata acceptance without a draft listing id","status":"passed","title":"enables metadata acceptance without a draft listing id","duration":96.93029200000001,"failureMessages":[],"meta":{}},{"ancestorTitles":["seller listing preparation"],"fullName":"seller listing preparation rehydrates persisted metadata and privacy decisions at step 2 without regenerating metadata","status":"passed","title":"rehydrates persisted metadata and privacy decisions at step 2 without regenerating metadata","duration":20.69749999999999,"failureMessages":[],"meta":{}},{"ancestorTitles":["disclosure snapshot failure panel"],"fullName":"disclosure snapshot failure panel renders the detailed rejection beside review without offering Retry","status":"passed","title":"renders the detailed rejection beside review without offering Retry","duration":3.2165419999998903,"failureMessages":[],"meta":{}},{"ancestorTitles":["disclosure snapshot failure panel"],"fullName":"disclosure snapshot failure panel offers Retry for snapshot_pending","status":"passed","title":"offers Retry for snapshot_pending","duration":2.8597090000000662,"failureMessages":[],"meta":{}},{"ancestorTitles":["disclosure snapshot failure panel"],"fullName":"disclosure snapshot failure panel offers Retry for disclosure_unknown","status":"passed","title":"offers Retry for disclosure_unknown","duration":2.668040999999903,"failureMessages":[],"meta":{}},{"ancestorTitles":["publish completion"],"fullName":"publish completion confirms completion, disables Publish and refetches the dataset for the published view","status":"passed","title":"confirms completion, disables Publish and refetches the dataset for the published view","duration":110.56750000000011,"failureMessages":[],"meta":{}},{"ancestorTitles":["publish completion"],"fullName":"publish completion keeps Publish disabled after snapshot failure and retries only the snapshot","status":"passed","title":"keeps Publish disabled after snapshot failure and retries only the snapshot","duration":134.733833,"failureMessages":[],"meta":{}},{"ancestorTitles":["publish completion"],"fullName":"publish completion preserves successful publication if the dataset refresh fails","status":"passed","title":"preserves successful publication if the dataset refresh fails","duration":85.99895800000013,"failureMessages":[],"meta":{}},{"ancestorTitles":["dataset detail publication state"],"fullName":"dataset detail publication state shows a server-published listing with an empty marketplace registry","status":"passed","title":"shows a server-published listing with an empty marketplace registry","duration":51.018625000000156,"failureMessages":[],"meta":{}},{"ancestorTitles":["dataset detail publication state"],"fullName":"dataset detail publication state keeps publication available when listing_id is null","status":"passed","title":"keeps publication available when listing_id is null","duration":53.97554200000013,"failureMessages":[],"meta":{}}],"startTime":1789657282944,"endTime":1789657283506.9756,"status":"passed","message":"","name":"/private/var/tmp/koskadeux/minimal-bridge-worktrees/25200cd439ec-9265fd/frontend/src/pages/DatasetDetail.test.tsx"},{"assertionResults":[{"ancestorTitles":[],"fullName":"complete_once_then_datasets","status":"failed","title":"complete_once_then_datasets","duration":16.109750000000076,"failureMessages":["TypeError: localStorage.getItem is not a function\n    at /private/var/tmp/koskadeux/minimal-bridge-worktrees/25200cd439ec-9265fd/frontend/src/contexts/AuthContext.tsx:68:74\n    at mountState (/private/var/tmp/koskadeux/minimal-bridge-worktrees/25200cd439ec-9265fd/frontend/node_modules/react-dom/cjs/react-dom.development.js:16167:20)\n    at Object.useState (/private/var/tmp/koskadeux/minimal-bridge-worktrees/25200cd439ec-9265fd/frontend/node_modules/react-dom/cjs/react-dom.development.js:16880:16)\n    at Proxy.useState (/private/var/tmp/koskadeux/minimal-bridge-worktrees/25200cd439ec-9265fd/frontend/node_modules/react/cjs/react.development.js:1622:21)\n    at AuthProvider (/private/var/tmp/koskadeux/minimal-bridge-worktrees/25200cd439ec-9265fd/frontend/src/contexts/AuthContext.tsx:68:31)\n    at renderWithHooks (/private/var/tmp/koskadeux/minimal-bridge-worktrees/25200cd439ec-9265fd/frontend/node_modules/react-dom/cjs/react-dom.development.js:15486:18)\n    at mountIndeterminateComponent (/private/var/tmp/koskadeux/minimal-bridge-worktrees/25200cd439ec-9265fd/frontend/node_modules/react-dom/cjs/react-dom.development.js:20103:13)\n    at beginWork (/private/var/tmp/koskadeux/minimal-bridge-worktrees/25200cd439ec-9265fd/frontend/node_modules/react-dom/cjs/react-dom.development.js:21626:16)\n    at beginWork$1 (/private/var/tmp/koskadeux/minimal-bridge-worktrees/25200cd439ec-9265fd/frontend/node_modules/react-dom/cjs/react-dom.development.js:27465:14)\n    at performUnitOfWork (/private/var/tmp/koskadeux/minimal-bridge-worktrees/25200cd439ec-9265fd/frontend/node_modules/react-dom/cjs/react-dom.development.js:26599:12)","TypeError: localStorage.clear is not a function\n    at /private/var/tmp/koskadeux/minimal-bridge-worktrees/25200cd439ec-9265fd/frontend/src/pages/LoginCompletePage.test.tsx:8:43\n    at file:///private/var/tmp/koskadeux/minimal-bridge-worktrees/25200cd439ec-9265fd/frontend/node_modules/@vitest/runner/dist/chunk-hooks.js:155:11\n    at file:///private/var/tmp/koskadeux/minimal-bridge-worktrees/25200cd439ec-9265fd/frontend/node_modules/@vitest/runner/dist/chunk-hooks.js:1897:20\n    at new Promise (<anonymous>)\n    at runWithTimeout (file:///private/var/tmp/koskadeux/minimal-bridge-worktrees/25200cd439ec-9265fd/frontend/node_modules/@vitest/runner/dist/chunk-hooks.js:1863:10)\n    at runHook (file:///private/var/tmp/koskadeux/minimal-bridge-worktrees/25200cd439ec-9265fd/frontend/node_modules/@vitest/runner/dist/chunk-hooks.js:1436:51)\n    at callSuiteHook (file:///private/var/tmp/koskadeux/minimal-bridge-worktrees/25200cd439ec-9265fd/frontend/node_modules/@vitest/runner/dist/chunk-hooks.js:1442:25)\n    at runTest (file:///private/var/tmp/koskadeux/minimal-bridge-worktrees/25200cd439ec-9265fd/frontend/node_modules/@vitest/runner/dist/chunk-hooks.js:1597:11)\n    at processTicksAndRejections (node:internal/process/task_queues:103:5)\n    at runSuite (file:///private/var/tmp/koskadeux/minimal-bridge-worktrees/25200cd439ec-9265fd/frontend/node_modules/@vitest/runner/dist/chunk-hooks.js:1729:8)"],"meta":{}},{"ancestorTitles":[],"fullName":"failed completion never publishes authentication","status":"failed","title":"failed completion never publishes authentication","duration":1.793457999999987,"failureMessages":["TypeError: localStorage.getItem is not a function\n    at /private/var/tmp/koskadeux/minimal-bridge-worktrees/25200cd439ec-9265fd/frontend/src/contexts/AuthContext.tsx:68:74\n    at mountState (/private/var/tmp/koskadeux/minimal-bridge-worktrees/25200cd439ec-9265fd/frontend/node_modules/react-dom/cjs/react-dom.development.js:16167:20)\n    at Object.useState (/private/var/tmp/koskadeux/minimal-bridge-worktrees/25200cd439ec-9265fd/frontend/node_modules/react-dom/cjs/react-dom.development.js:16880:16)\n    at Proxy.useState (/private/var/tmp/koskadeux/minimal-bridge-worktrees/25200cd439ec-9265fd/frontend/node_modules/react/cjs/react.development.js:1622:21)\n    at AuthProvider (/private/var/tmp/koskadeux/minimal-bridge-worktrees/25200cd439ec-9265fd/frontend/src/contexts/AuthContext.tsx:68:31)\n    at renderWithHooks (/private/var/tmp/koskadeux/minimal-bridge-worktrees/25200cd439ec-9265fd/frontend/node_modules/react-dom/cjs/react-dom.development.js:15486:18)\n    at mountIndeterminateComponent (/private/var/tmp/koskadeux/minimal-bridge-worktrees/25200cd439ec-9265fd/frontend/node_modules/react-dom/cjs/react-dom.development.js:20103:13)\n    at beginWork (/private/var/tmp/koskadeux/minimal-bridge-worktrees/25200cd439ec-9265fd/frontend/node_modules/react-dom/cjs/react-dom.development.js:21626:16)\n    at beginWork$1 (/private/var/tmp/koskadeux/minimal-bridge-worktrees/25200cd439ec-9265fd/frontend/node_modules/react-dom/cjs/react-dom.development.js:27465:14)\n    at performUnitOfWork (/private/var/tmp/koskadeux/minimal-bridge-worktrees/25200cd439ec-9265fd/frontend/node_modules/react-dom/cjs/react-dom.development.js:26599:12)","TypeError: localStorage.clear is not a function\n    at /private/var/tmp/koskadeux/minimal-bridge-worktrees/25200cd439ec-9265fd/frontend/src/pages/LoginCompletePage.test.tsx:8:43\n    at file:///private/var/tmp/koskadeux/minimal-bridge-worktrees/25200cd439ec-9265fd/frontend/node_modules/@vitest/runner/dist/chunk-hooks.js:155:11\n    at file:///private/var/tmp/koskadeux/minimal-bridge-worktrees/25200cd439ec-9265fd/frontend/node_modules/@vitest/runner/dist/chunk-hooks.js:1897:20\n    at new Promise (<anonymous>)\n    at runWithTimeout (file:///private/var/tmp/koskadeux/minimal-bridge-worktrees/25200cd439ec-9265fd/frontend/node_modules/@vitest/runner/dist/chunk-hooks.js:1863:10)\n    at runHook (file:///private/var/tmp/koskadeux/minimal-bridge-worktrees/25200cd439ec-9265fd/frontend/node_modules/@vitest/runner/dist/chunk-hooks.js:1436:51)\n    at callSuiteHook (file:///private/var/tmp/koskadeux/minimal-bridge-worktrees/25200cd439ec-9265fd/frontend/node_modules/@vitest/runner/dist/chunk-hooks.js:1442:25)\n    at runTest (file:///private/var/tmp/koskadeux/minimal-bridge-worktrees/25200cd439ec-9265fd/frontend/node_modules/@vitest/runner/dist/chunk-hooks.js:1597:11)\n    at processTicksAndRejections (node:internal/process/task_queues:103:5)\n    at runSuite (file:///private/var/tmp/koskadeux/minimal-bridge-worktrees/25200cd439ec-9265fd/frontend/node_modules/@vitest/runner/dist/chunk-hooks.js:1729:8)"],"meta":{}},{"ancestorTitles":[],"fullName":"reload and API share refresh without clearing transient auth (200)","status":"failed","title":"reload and API share refresh without clearing transient auth (200)","duration":0.8706660000000284,"failureMessages":["TypeError: localStorage.removeItem is not a function\n    at Module.storeAuthTokens (/private/var/tmp/koskadeux/minimal-bridge-worktrees/25200cd439ec-9265fd/frontend/src/lib/api.ts:70:16)\n    at /private/var/tmp/koskadeux/minimal-bridge-worktrees/25200cd439ec-9265fd/frontend/src/pages/LoginCompletePage.test.tsx:38:3\n    at file:///private/var/tmp/koskadeux/minimal-bridge-worktrees/25200cd439ec-9265fd/frontend/node_modules/@vitest/runner/dist/chunk-hooks.js:863:59\n    at file:///private/var/tmp/koskadeux/minimal-bridge-worktrees/25200cd439ec-9265fd/frontend/node_modules/@vitest/runner/dist/chunk-hooks.js:155:11\n    at file:///private/var/tmp/koskadeux/minimal-bridge-worktrees/25200cd439ec-9265fd/frontend/node_modules/@vitest/runner/dist/chunk-hooks.js:752:26\n    at file:///private/var/tmp/koskadeux/minimal-bridge-worktrees/25200cd439ec-9265fd/frontend/node_modules/@vitest/runner/dist/chunk-hooks.js:1897:20\n    at new Promise (<anonymous>)\n    at runWithTimeout (file:///private/var/tmp/koskadeux/minimal-bridge-worktrees/25200cd439ec-9265fd/frontend/node_modules/@vitest/runner/dist/chunk-hooks.js:1863:10)\n    at runTest (file:///private/var/tmp/koskadeux/minimal-bridge-worktrees/25200cd439ec-9265fd/frontend/node_modules/@vitest/runner/dist/chunk-hooks.js:1574:12)\n    at processTicksAndRejections (node:internal/process/task_queues:103:5)","TypeError: localStorage.clear is not a function\n    at /private/var/tmp/koskadeux/minimal-bridge-worktrees/25200cd439ec-9265fd/frontend/src/pages/LoginCompletePage.test.tsx:8:43\n    at file:///private/var/tmp/koskadeux/minimal-bridge-worktrees/25200cd439ec-9265fd/frontend/node_modules/@vitest/runner/dist/chunk-hooks.js:155:11\n    at file:///private/var/tmp/koskadeux/minimal-bridge-worktrees/25200cd439ec-9265fd/frontend/node_modules/@vitest/runner/dist/chunk-hooks.js:1897:20\n    at new Promise (<anonymous>)\n    at runWithTimeout (file:///private/var/tmp/koskadeux/minimal-bridge-worktrees/25200cd439ec-9265fd/frontend/node_modules/@vitest/runner/dist/chunk-hooks.js:1863:10)\n    at runHook (file:///private/var/tmp/koskadeux/minimal-bridge-worktrees/25200cd439ec-9265fd/frontend/node_modules/@vitest/runner/dist/chunk-hooks.js:1436:51)\n    at callSuiteHook (file:///private/var/tmp/koskadeux/minimal-bridge-worktrees/25200cd439ec-9265fd/frontend/node_modules/@vitest/runner/dist/chunk-hooks.js:1442:25)\n    at runTest (file:///private/var/tmp/koskadeux/minimal-bridge-worktrees/25200cd439ec-9265fd/frontend/node_modules/@vitest/runner/dist/chunk-hooks.js:1597:11)\n    at processTicksAndRejections (node:internal/process/task_queues:103:5)\n    at runSuite (file:///private/var/tmp/koskadeux/minimal-bridge-worktrees/25200cd439ec-9265fd/frontend/node_modules/@vitest/runner/dist/chunk-hooks.js:1729:8)"],"meta":{}},{"ancestorTitles":[],"fullName":"reload and API share refresh without clearing transient auth (429)","status":"failed","title":"reload and API share refresh without clearing transient auth (429)","duration":0.1685420000000022,"failureMessages":["TypeError: localStorage.removeItem is not a function\n    at Module.storeAuthTokens (/private/var/tmp/koskadeux/minimal-bridge-worktrees/25200cd439ec-9265fd/frontend/src/lib/api.ts:70:16)\n    at /private/var/tmp/koskadeux/minimal-bridge-worktrees/25200cd439ec-9265fd/frontend/src/pages/LoginCompletePage.test.tsx:38:3\n    at file:///private/var/tmp/koskadeux/minimal-bridge-worktrees/25200cd439ec-9265fd/frontend/node_modules/@vitest/runner/dist/chunk-hooks.js:863:59\n    at file:///private/var/tmp/koskadeux/minimal-bridge-worktrees/25200cd439ec-9265fd/frontend/node_modules/@vitest/runner/dist/chunk-hooks.js:155:11\n    at file:///private/var/tmp/koskadeux/minimal-bridge-worktrees/25200cd439ec-9265fd/frontend/node_modules/@vitest/runner/dist/chunk-hooks.js:752:26\n    at file:///private/var/tmp/koskadeux/minimal-bridge-worktrees/25200cd439ec-9265fd/frontend/node_modules/@vitest/runner/dist/chunk-hooks.js:1897:20\n    at new Promise (<anonymous>)\n    at runWithTimeout (file:///private/var/tmp/koskadeux/minimal-bridge-worktrees/25200cd439ec-9265fd/frontend/node_modules/@vitest/runner/dist/chunk-hooks.js:1863:10)\n    at runTest (file:///private/var/tmp/koskadeux/minimal-bridge-worktrees/25200cd439ec-9265fd/frontend/node_modules/@vitest/runner/dist/chunk-hooks.js:1574:12)\n    at processTicksAndRejections (node:internal/process/task_queues:103:5)","TypeError: localStorage.clear is not a function\n    at /private/var/tmp/koskadeux/minimal-bridge-worktrees/25200cd439ec-9265fd/frontend/src/pages/LoginCompletePage.test.tsx:8:43\n    at file:///private/var/tmp/koskadeux/minimal-bridge-worktrees/25200cd439ec-9265fd/frontend/node_modules/@vitest/runner/dist/chunk-hooks.js:155:11\n    at file:///private/var/tmp/koskadeux/minimal-bridge-worktrees/25200cd439ec-9265fd/frontend/node_modules/@vitest/runner/dist/chunk-hooks.js:1897:20\n    at new Promise (<anonymous>)\n    at runWithTimeout (file:///private/var/tmp/koskadeux/minimal-bridge-worktrees/25200cd439ec-9265fd/frontend/node_modules/@vitest/runner/dist/chunk-hooks.js:1863:10)\n    at runHook (file:///private/var/tmp/koskadeux/minimal-bridge-worktrees/25200cd439ec-9265fd/frontend/node_modules/@vitest/runner/dist/chunk-hooks.js:1436:51)\n    at callSuiteHook (file:///private/var/tmp/koskadeux/minimal-bridge-worktrees/25200cd439ec-9265fd/frontend/node_modules/@vitest/runner/dist/chunk-hooks.js:1442:25)\n    at runTest (file:///private/var/tmp/koskadeux/minimal-bridge-worktrees/25200cd439ec-9265fd/frontend/node_modules/@vitest/runner/dist/chunk-hooks.js:1597:11)\n    at processTicksAndRejections (node:internal/process/task_queues:103:5)\n    at runSuite (file:///private/var/tmp/koskadeux/minimal-bridge-worktrees/25200cd439ec-9265fd/frontend/node_modules/@vitest/runner/dist/chunk-hooks.js:1729:8)"],"meta":{}},{"ancestorTitles":[],"fullName":"reload and API share refresh without clearing transient auth (503)","status":"failed","title":"reload and API share refresh without clearing transient auth (503)","duration":0.1657910000000129,"failureMessages":["TypeError: localStorage.removeItem is not a function\n    at Module.storeAuthTokens (/private/var/tmp/koskadeux/minimal-bridge-worktrees/25200cd439ec-9265fd/frontend/src/lib/api.ts:70:16)\n    at /private/var/tmp/koskadeux/minimal-bridge-worktrees/25200cd439ec-9265fd/frontend/src/pages/LoginCompletePage.test.tsx:38:3\n    at file:///private/var/tmp/koskadeux/minimal-bridge-worktrees/25200cd439ec-9265fd/frontend/node_modules/@vitest/runner/dist/chunk-hooks.js:863:59\n    at file:///private/var/tmp/koskadeux/minimal-bridge-worktrees/25200cd439ec-9265fd/frontend/node_modules/@vitest/runner/dist/chunk-hooks.js:155:11\n    at file:///private/var/tmp/koskadeux/minimal-bridge-worktrees/25200cd439ec-9265fd/frontend/node_modules/@vitest/runner/dist/chunk-hooks.js:752:26\n    at file:///private/var/tmp/koskadeux/minimal-bridge-worktrees/25200cd439ec-9265fd/frontend/node_modules/@vitest/runner/dist/chunk-hooks.js:1897:20\n    at new Promise (<anonymous>)\n    at runWithTimeout (file:///private/var/tmp/koskadeux/minimal-bridge-worktrees/25200cd439ec-9265fd/frontend/node_modules/@vitest/runner/dist/chunk-hooks.js:1863:10)\n    at runTest (file:///private/var/tmp/koskadeux/minimal-bridge-worktrees/25200cd439ec-9265fd/frontend/node_modules/@vitest/runner/dist/chunk-hooks.js:1574:12)\n    at processTicksAndRejections (node:internal/process/task_queues:103:5)","TypeError: localStorage.clear is not a function\n    at /private/var/tmp/koskadeux/minimal-bridge-worktrees/25200cd439ec-9265fd/frontend/src/pages/LoginCompletePage.test.tsx:8:43\n    at file:///private/var/tmp/koskadeux/minimal-bridge-worktrees/25200cd439ec-9265fd/frontend/node_modules/@vitest/runner/dist/chunk-hooks.js:155:11\n    at file:///private/var/tmp/koskadeux/minimal-bridge-worktrees/25200cd439ec-9265fd/frontend/node_modules/@vitest/runner/dist/chunk-hooks.js:1897:20\n    at new Promise (<anonymous>)\n    at runWithTimeout (file:///private/var/tmp/koskadeux/minimal-bridge-worktrees/25200cd439ec-9265fd/frontend/node_modules/@vitest/runner/dist/chunk-hooks.js:1863:10)\n    at runHook (file:///private/var/tmp/koskadeux/minimal-bridge-worktrees/25200cd439ec-9265fd/frontend/node_modules/@vitest/runner/dist/chunk-hooks.js:1436:51)\n    at callSuiteHook (file:///private/var/tmp/koskadeux/minimal-bridge-worktrees/25200cd439ec-9265fd/frontend/node_modules/@vitest/runner/dist/chunk-hooks.js:1442:25)\n    at runTest (file:///private/var/tmp/koskadeux/minimal-bridge-worktrees/25200cd439ec-9265fd/frontend/node_modules/@vitest/runner/dist/chunk-hooks.js:1597:11)\n    at processTicksAndRejections (node:internal/process/task_queues:103:5)\n    at runSuite (file:///private/var/tmp/koskadeux/minimal-bridge-worktrees/25200cd439ec-9265fd/frontend/node_modules/@vitest/runner/dist/chunk-hooks.js:1729:8)"],"meta":{}},{"ancestorTitles":[],"fullName":"account switch and logout reset the published user","status":"failed","title":"account switch and logout reset the published user","duration":1.349833999999987,"failureMessages":["TypeError: localStorage.getItem is not a function\n    at /private/var/tmp/koskadeux/minimal-bridge-worktrees/25200cd439ec-9265fd/frontend/src/contexts/AuthContext.tsx:68:74\n    at mountState (/private/var/tmp/koskadeux/minimal-bridge-worktrees/25200cd439ec-9265fd/frontend/node_modules/react-dom/cjs/react-dom.development.js:16167:20)\n    at Object.useState (/private/var/tmp/koskadeux/minimal-bridge-worktrees/25200cd439ec-9265fd/frontend/node_modules/react-dom/cjs/react-dom.development.js:16880:16)\n    at Proxy.useState (/private/var/tmp/koskadeux/minimal-bridge-worktrees/25200cd439ec-9265fd/frontend/node_modules/react/cjs/react.development.js:1622:21)\n    at AuthProvider (/private/var/tmp/koskadeux/minimal-bridge-worktrees/25200cd439ec-9265fd/frontend/src/contexts/AuthContext.tsx:68:31)\n    at renderWithHooks (/private/var/tmp/koskadeux/minimal-bridge-worktrees/25200cd439ec-9265fd/frontend/node_modules/react-dom/cjs/react-dom.development.js:15486:18)\n    at mountIndeterminateComponent (/private/var/tmp/koskadeux/minimal-bridge-worktrees/25200cd439ec-9265fd/frontend/node_modules/react-dom/cjs/react-dom.development.js:20103:13)\n    at beginWork (/private/var/tmp/koskadeux/minimal-bridge-worktrees/25200cd439ec-9265fd/frontend/node_modules/react-dom/cjs/react-dom.development.js:21626:16)\n    at beginWork$1 (/private/var/tmp/koskadeux/minimal-bridge-worktrees/25200cd439ec-9265fd/frontend/node_modules/react-dom/cjs/react-dom.development.js:27465:14)\n    at performUnitOfWork (/private/var/tmp/koskadeux/minimal-bridge-worktrees/25200cd439ec-9265fd/frontend/node_modules/react-dom/cjs/react-dom.development.js:26599:12)","TypeError: localStorage.clear is not a function\n    at /private/var/tmp/koskadeux/minimal-bridge-worktrees/25200cd439ec-9265fd/frontend/src/pages/LoginCompletePage.test.tsx:8:43\n    at file:///private/var/tmp/koskadeux/minimal-bridge-worktrees/25200cd439ec-9265fd/frontend/node_modules/@vitest/runner/dist/chunk-hooks.js:155:11\n    at file:///private/var/tmp/koskadeux/minimal-bridge-worktrees/25200cd439ec-9265fd/frontend/node_modules/@vitest/runner/dist/chunk-hooks.js:1897:20\n    at new Promise (<anonymous>)\n    at runWithTimeout (file:///private/var/tmp/koskadeux/minimal-bridge-worktrees/25200cd439ec-9265fd/frontend/node_modules/@vitest/runner/dist/chunk-hooks.js:1863:10)\n    at runHook (file:///private/var/tmp/koskadeux/minimal-bridge-worktrees/25200cd439ec-9265fd/frontend/node_modules/@vitest/runner/dist/chunk-hooks.js:1436:51)\n    at callSuiteHook (file:///private/var/tmp/koskadeux/minimal-bridge-worktrees/25200cd439ec-9265fd/frontend/node_modules/@vitest/runner/dist/chunk-hooks.js:1442:25)\n    at runTest (file:///private/var/tmp/koskadeux/minimal-bridge-worktrees/25200cd439ec-9265fd/frontend/node_modules/@vitest/runner/dist/chunk-hooks.js:1597:11)\n    at processTicksAndRejections (node:internal/process/task_queues:103:5)\n    at runSuite (file:///private/var/tmp/koskadeux/minimal-bridge-worktrees/25200cd439ec-9265fd/frontend/node_modules/@vitest/runner/dist/chunk-hooks.js:1729:8)"],"meta":{}}],"startTime":1789657282666,"endTime":1789657282686.3499,"status":"failed","message":"","name":"/private/var/tmp/koskadeux/minimal-bridge-worktrees/25200cd439ec-9265fd/frontend/src/pages/LoginCompletePage.test.tsx"},{"assertionResults":[{"ancestorTitles":[],"fullName":"button_disabled_preserves_password (local_disabled)","status":"passed","title":"button_disabled_preserves_password (local_disabled)","duration":139.05879200000004,"failureMessages":[],"meta":{}},{"ancestorTitles":[],"fullName":"button_disabled_preserves_password (client_disabled)","status":"passed","title":"button_disabled_preserves_password (client_disabled)","duration":81.11204099999986,"failureMessages":[],"meta":{}},{"ancestorTitles":[],"fullName":"button_disabled_preserves_password (backend_unsupported)","status":"passed","title":"button_disabled_preserves_password (backend_unsupported)","duration":73.55016699999987,"failureMessages":[],"meta":{}},{"ancestorTitles":[],"fullName":"button_disabled_preserves_password (backend_unavailable)","status":"passed","title":"button_disabled_preserves_password (backend_unavailable)","duration":74.14087500000005,"failureMessages":[],"meta":{}},{"ancestorTitles":[],"fullName":"start disabled race keeps fallback and never navigates","status":"passed","title":"start disabled race keeps fallback and never navigates","duration":22.693624999999884,"failureMessages":[],"meta":{}},{"ancestorTitles":[],"fullName":"clicking Google posts its provider hint and disables both buttons","status":"passed","title":"clicking Google posts its provider hint and disables both buttons","duration":97.60258399999998,"failureMessages":[],"meta":{}},{"ancestorTitles":[],"fullName":"clicking GitHub posts its provider hint and disables both buttons","status":"passed","title":"clicking GitHub posts its provider hint and disables both buttons","duration":103.65454199999999,"failureMessages":[],"meta":{}}],"startTime":1789657282794,"endTime":1789657283385.6545,"status":"passed","message":"","name":"/private/var/tmp/koskadeux/minimal-bridge-worktrees/25200cd439ec-9265fd/frontend/src/pages/LoginPage.oauth.test.tsx"},{"assertionResults":[{"ancestorTitles":["example"],"fullName":"example should pass","status":"passed","title":"should pass","duration":0.5815000000000055,"failureMessages":[],"meta":{}}],"startTime":1789657282594,"endTime":1789657282594.5815,"status":"passed","message":"","name":"/private/var/tmp/koskadeux/minimal-bridge-worktrees/25200cd439ec-9265fd/frontend/src/test/example.test.ts"}]}